Terminales no usados en la gramática

    res_BREAK
    res_CONTINUE
    res_struct
    res_atoi
    res_atof
    res_iota


Estado 121 conflictos: 1 desplazamiento/reducción
Estado 122 conflictos: 1 desplazamiento/reducción
Estado 123 conflictos: 1 desplazamiento/reducción
Estado 124 conflictos: 1 desplazamiento/reducción
Estado 125 conflictos: 1 desplazamiento/reducción
Estado 126 conflictos: 1 desplazamiento/reducción
Estado 127 conflictos: 13 desplazamiento/reducción
Estado 128 conflictos: 1 desplazamiento/reducción
Estado 129 conflictos: 1 desplazamiento/reducción
Estado 130 conflictos: 1 desplazamiento/reducción
Estado 131 conflictos: 1 desplazamiento/reducción
Estado 132 conflictos: 1 desplazamiento/reducción
Estado 133 conflictos: 1 desplazamiento/reducción


Gramática

    0 $accept: START END

    1 START: MAIN

    2 MAIN: TYPES rmain tk_PARA tk_PARC tk_LLAVA LIST_INST tk_LLAVC

    3 LIST_INST: LIST_INST INSTRUCTION
    4          | INSTRUCTION

    5 INSTRUCTION: PRINT ';'
    6            | DECLARAR ';'
    7            | ASIGNAR ';'
    8            | VECTOR ';'
    9            | INCREMENTO ';'
   10            | LLAMADAF ';'
   11            | FUNC
   12            | WHILE
   13            | RETORNO ';'
   14            | FOR
   15            | IF
   16            | error ';'

   17 DECLARAR: TYPES id
   18         | TYPES id '=' EXP

   19 ASIGNAR: id '=' EXP
   20        | id tk_LLAVA EXP tk_LLAVC '=' tk_LLAVA EXP tk_LLAVC

   21 IF: res_IF tk_PARA EXP tk_PARC tk_LLAVA LIST_INST tk_LLAVC
   22   | res_IF tk_PARA EXP tk_PARC tk_LLAVA LIST_INST tk_LLAVC res_ELSE IF
   23   | res_IF tk_PARA EXP tk_PARC tk_LLAVA LIST_INST tk_LLAVC res_ELSE tk_LLAVA LIST_INST tk_LLAVC

   24 WHILE: res_WHILE tk_PARA EXP tk_PARC tk_LLAVA LIST_INST tk_LLAVC

   25 FOR: res_FOR tk_PARA DECLARAR ';' EXP ';' INCREMENTO tk_PARC tk_LLAVA LIST_INST tk_LLAVC

   26 VECTOR: res_VECTOR tk_menorq TYPES tk_mayorq id '=' tk_CORCHA LISTAEXP tk_CORCHC
   27       | res_VECTOR tk_menorq TYPES tk_mayorq id
   28       | id '.' res_pushB tk_PARA EXP tk_PARC
   29       | id '.' res_pushF tk_PARA EXP tk_PARC
   30       | id '.' res_get tk_PARA EXP tk_PARC
   31       | id '.' res_remove tk_PARA EXP tk_PARC
   32       | id '.' res_size tk_PARA tk_PARC

   33 PRINT: PRINTF tk_PARA EXP tk_PARC

   34 INCREMENTO: id mas_mas
   35           | id menos_menos

   36 FUNC: TYPES id tk_PARA LISTPARAM tk_PARC tk_LLAVA LIST_INST tk_LLAVC
   37     | TYPES id tk_PARA tk_PARC tk_LLAVA LIST_INST tk_LLAVC

   38 LLAMADAF: id tk_PARA LISTAEXP tk_PARC

   39 RETORNO: res_RETURN EXP

   40 TYPES: tk_void
   41      | tk_int
   42      | tk_string
   43      | tk_float
   44      | tk_bool

   45 LISTAEXP: LISTAEXP ',' EXP
   46         | EXP

   47 LISTPARAM: LISTPARAM ',' TYPES id
   48          | TYPES id

   49 EXP: EXP suma EXP
   50    | EXP menos EXP
   51    | EXP mult EXP
   52    | EXP div EXP
   53    | EXP tk_menor_igual EXP
   54    | EXP tk_menorq EXP
   55    | EXP tk_mayor_igual EXP
   56    | EXP tk_mayorq EXP
   57    | EXP tk_igualq EXP
   58    | EXP tk_diferenteq EXP
   59    | EXP tk_and EXP
   60    | EXP tk_or EXP
   61    | EXP tk_not EXP
   62    | tk_PARA EXP tk_PARC
   63    | PRIMITIVE

   64 PRIMITIVE: NUMERO
   65          | CADENA
   66          | id
   67          | DECIMAL
   68          | tk_true
   69          | tk_false
   70          | res_mean tk_PARA id tk_PARC
   71          | res_median tk_PARA id tk_PARC
   72          | res_mode tk_PARA id tk_PARC


Terminales con las reglas donde aparecen

    END (0) 0
    ',' (44) 45 47
    '.' (46) 28 29 30 31 32
    ';' (59) 5 6 7 8 9 10 13 16 25
    '=' (61) 18 19 20 26
    error (256) 16
    NUMERO <std::string> (258) 64
    id <std::string> (259) 17 18 19 20 26 27 28 29 30 31 32 34 35 36 37 38 47 48 66 70 71 72
    CADENA <std::string> (260) 65
    DECIMAL <std::string> (261) 67
    suma <std::string> (262) 49
    menos <std::string> (263) 50
    mult <std::string> (264) 51
    div <std::string> (265) 52
    PRINTF <std::string> (266) 33
    tk_void <std::string> (267) 40
    tk_int <std::string> (268) 41
    tk_string <std::string> (269) 42
    tk_float <std::string> (270) 43
    tk_bool <std::string> (271) 44
    tk_PARA <std::string> (272) 2 21 22 23 24 25 28 29 30 31 32 33 36 37 38 62 70 71 72
    tk_PARC <std::string> (273) 2 21 22 23 24 25 28 29 30 31 32 33 36 37 38 62 70 71 72
    rmain <std::string> (274) 2
    tk_LLAVA <std::string> (275) 2 20 21 22 23 24 25 36 37
    tk_LLAVC <std::string> (276) 2 20 21 22 23 24 25 36 37
    tk_true <std::string> (277) 68
    tk_false <std::string> (278) 69
    tk_igualq <std::string> (279) 57
    tk_diferenteq <std::string> (280) 58
    tk_mayor_igual <std::string> (281) 55
    tk_menor_igual <std::string> (282) 53
    tk_CORCHA <std::string> (283) 26
    tk_CORCHC <std::string> (284) 26
    tk_menorq <std::string> (285) 26 27 54
    tk_mayorq <std::string> (286) 26 27 56
    tk_and <std::string> (287) 59
    tk_or <std::string> (288) 60
    tk_not <std::string> (289) 61
    res_IF <std::string> (290) 21 22 23
    res_ELSE <std::string> (291) 22 23
    res_WHILE <std::string> (292) 24
    res_FOR <std::string> (293) 25
    res_BREAK <std::string> (294)
    res_CONTINUE <std::string> (295)
    res_RETURN <std::string> (296) 39
    res_pushB <std::string> (297) 28
    res_pushF <std::string> (298) 29
    res_get <std::string> (299) 30
    res_remove <std::string> (300) 31
    res_size <std::string> (301) 32
    res_struct <std::string> (302)
    res_mean <std::string> (303) 70
    res_median <std::string> (304) 71
    res_mode <std::string> (305) 72
    res_atoi <std::string> (306)
    res_atof <std::string> (307)
    res_iota <std::string> (308)
    res_VECTOR <std::string> (309) 26 27
    mas_mas <std::string> (310) 34
    menos_menos <std::string> (311) 35


No terminales con las reglas donde aparecen

    $accept (61)
        on left: 0
    START <func_main*> (62)
        on left: 1
        on right: 0
    MAIN <func_main*> (63)
        on left: 2
        on right: 1
    LIST_INST <list_instruction*> (64)
        on left: 3 4
        on right: 2 3 21 22 23 24 25 36 37
    INSTRUCTION <instruction*> (65)
        on left: 5 6 7 8 9 10 11 12 13 14 15 16
        on right: 3 4
    DECLARAR <instruction*> (66)
        on left: 17 18
        on right: 6 25
    ASIGNAR <instruction*> (67)
        on left: 19 20
        on right: 7
    IF <instruction*> (68)
        on left: 21 22 23
        on right: 15 22
    WHILE <instruction*> (69)
        on left: 24
        on right: 12
    FOR <instruction*> (70)
        on left: 25
        on right: 14
    VECTOR <instruction*> (71)
        on left: 26 27 28 29 30 31 32
        on right: 8
    PRINT <instruction*> (72)
        on left: 33
        on right: 5
    INCREMENTO <instruction*> (73)
        on left: 34 35
        on right: 9 25
    FUNC <instruction*> (74)
        on left: 36 37
        on right: 11
    LLAMADAF <instruction*> (75)
        on left: 38
        on right: 10
    RETORNO <instruction*> (76)
        on left: 39
        on right: 13
    TYPES <std::string> (77)
        on left: 40 41 42 43 44
        on right: 2 17 18 26 27 36 37 47 48
    LISTAEXP (78)
        on left: 45 46
        on right: 26 38 45
    LISTPARAM (79)
        on left: 47 48
        on right: 36 47
    EXP <expression*> (80)
        on left: 49 50 51 52 53 54 55 56 57 58 59 60 61 62 63
        on right: 18 19 20 21 22 23 24 25 28 29 30 31 33 39 45 46 49 50 51 52 53 54 55 56 57 58 59 60 61 62
    PRIMITIVE <expression*> (81)
        on left: 64 65 66 67 68 69 70 71 72
        on right: 63


Estado 0

    0 $accept: • START END

    tk_void    desplazar e ir al estado 1
    tk_int     desplazar e ir al estado 2
    tk_string  desplazar e ir al estado 3
    tk_float   desplazar e ir al estado 4
    tk_bool    desplazar e ir al estado 5

    START  ir al estado 6
    MAIN   ir al estado 7
    TYPES  ir al estado 8


Estado 1

   40 TYPES: tk_void •

    $default  reduce usando la regla 40 (TYPES)


Estado 2

   41 TYPES: tk_int •

    $default  reduce usando la regla 41 (TYPES)


Estado 3

   42 TYPES: tk_string •

    $default  reduce usando la regla 42 (TYPES)


Estado 4

   43 TYPES: tk_float •

    $default  reduce usando la regla 43 (TYPES)


Estado 5

   44 TYPES: tk_bool •

    $default  reduce usando la regla 44 (TYPES)


Estado 6

    0 $accept: START • END

    END  desplazar e ir al estado 9


Estado 7

    1 START: MAIN •

    $default  reduce usando la regla 1 (START)


Estado 8

    2 MAIN: TYPES • rmain tk_PARA tk_PARC tk_LLAVA LIST_INST tk_LLAVC

    rmain  desplazar e ir al estado 10


Estado 9

    0 $accept: START END •

    $default  aceptar


Estado 10

    2 MAIN: TYPES rmain • tk_PARA tk_PARC tk_LLAVA LIST_INST tk_LLAVC

    tk_PARA  desplazar e ir al estado 11


Estado 11

    2 MAIN: TYPES rmain tk_PARA • tk_PARC tk_LLAVA LIST_INST tk_LLAVC

    tk_PARC  desplazar e ir al estado 12


Estado 12

    2 MAIN: TYPES rmain tk_PARA tk_PARC • tk_LLAVA LIST_INST tk_LLAVC

    tk_LLAVA  desplazar e ir al estado 13


Estado 13

    2 MAIN: TYPES rmain tk_PARA tk_PARC tk_LLAVA • LIST_INST tk_LLAVC

    error       desplazar e ir al estado 14
    id          desplazar e ir al estado 15
    PRINTF      desplazar e ir al estado 16
    tk_void     desplazar e ir al estado 1
    tk_int      desplazar e ir al estado 2
    tk_string   desplazar e ir al estado 3
    tk_float    desplazar e ir al estado 4
    tk_bool     desplazar e ir al estado 5
    res_IF      desplazar e ir al estado 17
    res_WHILE   desplazar e ir al estado 18
    res_FOR     desplazar e ir al estado 19
    res_RETURN  desplazar e ir al estado 20
    res_VECTOR  desplazar e ir al estado 21

    LIST_INST    ir al estado 22
    INSTRUCTION  ir al estado 23
    DECLARAR     ir al estado 24
    ASIGNAR      ir al estado 25
    IF           ir al estado 26
    WHILE        ir al estado 27
    FOR          ir al estado 28
    VECTOR       ir al estado 29
    PRINT        ir al estado 30
    INCREMENTO   ir al estado 31
    FUNC         ir al estado 32
    LLAMADAF     ir al estado 33
    RETORNO      ir al estado 34
    TYPES        ir al estado 35


Estado 14

   16 INSTRUCTION: error • ';'

    ';'  desplazar e ir al estado 36


Estado 15

   19 ASIGNAR: id • '=' EXP
   20        | id • tk_LLAVA EXP tk_LLAVC '=' tk_LLAVA EXP tk_LLAVC
   28 VECTOR: id • '.' res_pushB tk_PARA EXP tk_PARC
   29       | id • '.' res_pushF tk_PARA EXP tk_PARC
   30       | id • '.' res_get tk_PARA EXP tk_PARC
   31       | id • '.' res_remove tk_PARA EXP tk_PARC
   32       | id • '.' res_size tk_PARA tk_PARC
   34 INCREMENTO: id • mas_mas
   35           | id • menos_menos
   38 LLAMADAF: id • tk_PARA LISTAEXP tk_PARC

    tk_PARA      desplazar e ir al estado 37
    tk_LLAVA     desplazar e ir al estado 38
    mas_mas      desplazar e ir al estado 39
    menos_menos  desplazar e ir al estado 40
    '='          desplazar e ir al estado 41
    '.'          desplazar e ir al estado 42


Estado 16

   33 PRINT: PRINTF • tk_PARA EXP tk_PARC

    tk_PARA  desplazar e ir al estado 43


Estado 17

   21 IF: res_IF • tk_PARA EXP tk_PARC tk_LLAVA LIST_INST tk_LLAVC
   22   | res_IF • tk_PARA EXP tk_PARC tk_LLAVA LIST_INST tk_LLAVC res_ELSE IF
   23   | res_IF • tk_PARA EXP tk_PARC tk_LLAVA LIST_INST tk_LLAVC res_ELSE tk_LLAVA LIST_INST tk_LLAVC

    tk_PARA  desplazar e ir al estado 44


Estado 18

   24 WHILE: res_WHILE • tk_PARA EXP tk_PARC tk_LLAVA LIST_INST tk_LLAVC

    tk_PARA  desplazar e ir al estado 45


Estado 19

   25 FOR: res_FOR • tk_PARA DECLARAR ';' EXP ';' INCREMENTO tk_PARC tk_LLAVA LIST_INST tk_LLAVC

    tk_PARA  desplazar e ir al estado 46


Estado 20

   39 RETORNO: res_RETURN • EXP

    NUMERO      desplazar e ir al estado 47
    id          desplazar e ir al estado 48
    CADENA      desplazar e ir al estado 49
    DECIMAL     desplazar e ir al estado 50
    tk_PARA     desplazar e ir al estado 51
    tk_true     desplazar e ir al estado 52
    tk_false    desplazar e ir al estado 53
    res_mean    desplazar e ir al estado 54
    res_median  desplazar e ir al estado 55
    res_mode    desplazar e ir al estado 56

    EXP        ir al estado 57
    PRIMITIVE  ir al estado 58


Estado 21

   26 VECTOR: res_VECTOR • tk_menorq TYPES tk_mayorq id '=' tk_CORCHA LISTAEXP tk_CORCHC
   27       | res_VECTOR • tk_menorq TYPES tk_mayorq id

    tk_menorq  desplazar e ir al estado 59


Estado 22

    2 MAIN: TYPES rmain tk_PARA tk_PARC tk_LLAVA LIST_INST • tk_LLAVC
    3 LIST_INST: LIST_INST • INSTRUCTION

    error       desplazar e ir al estado 14
    id          desplazar e ir al estado 15
    PRINTF      desplazar e ir al estado 16
    tk_void     desplazar e ir al estado 1
    tk_int      desplazar e ir al estado 2
    tk_string   desplazar e ir al estado 3
    tk_float    desplazar e ir al estado 4
    tk_bool     desplazar e ir al estado 5
    tk_LLAVC    desplazar e ir al estado 60
    res_IF      desplazar e ir al estado 17
    res_WHILE   desplazar e ir al estado 18
    res_FOR     desplazar e ir al estado 19
    res_RETURN  desplazar e ir al estado 20
    res_VECTOR  desplazar e ir al estado 21

    INSTRUCTION  ir al estado 61
    DECLARAR     ir al estado 24
    ASIGNAR      ir al estado 25
    IF           ir al estado 26
    WHILE        ir al estado 27
    FOR          ir al estado 28
    VECTOR       ir al estado 29
    PRINT        ir al estado 30
    INCREMENTO   ir al estado 31
    FUNC         ir al estado 32
    LLAMADAF     ir al estado 33
    RETORNO      ir al estado 34
    TYPES        ir al estado 35


Estado 23

    4 LIST_INST: INSTRUCTION •

    $default  reduce usando la regla 4 (LIST_INST)


Estado 24

    6 INSTRUCTION: DECLARAR • ';'

    ';'  desplazar e ir al estado 62


Estado 25

    7 INSTRUCTION: ASIGNAR • ';'

    ';'  desplazar e ir al estado 63


Estado 26

   15 INSTRUCTION: IF •

    $default  reduce usando la regla 15 (INSTRUCTION)


Estado 27

   12 INSTRUCTION: WHILE •

    $default  reduce usando la regla 12 (INSTRUCTION)


Estado 28

   14 INSTRUCTION: FOR •

    $default  reduce usando la regla 14 (INSTRUCTION)


Estado 29

    8 INSTRUCTION: VECTOR • ';'

    ';'  desplazar e ir al estado 64


Estado 30

    5 INSTRUCTION: PRINT • ';'

    ';'  desplazar e ir al estado 65


Estado 31

    9 INSTRUCTION: INCREMENTO • ';'

    ';'  desplazar e ir al estado 66


Estado 32

   11 INSTRUCTION: FUNC •

    $default  reduce usando la regla 11 (INSTRUCTION)


Estado 33

   10 INSTRUCTION: LLAMADAF • ';'

    ';'  desplazar e ir al estado 67


Estado 34

   13 INSTRUCTION: RETORNO • ';'

    ';'  desplazar e ir al estado 68


Estado 35

   17 DECLARAR: TYPES • id
   18         | TYPES • id '=' EXP
   36 FUNC: TYPES • id tk_PARA LISTPARAM tk_PARC tk_LLAVA LIST_INST tk_LLAVC
   37     | TYPES • id tk_PARA tk_PARC tk_LLAVA LIST_INST tk_LLAVC

    id  desplazar e ir al estado 69


Estado 36

   16 INSTRUCTION: error ';' •

    $default  reduce usando la regla 16 (INSTRUCTION)


Estado 37

   38 LLAMADAF: id tk_PARA • LISTAEXP tk_PARC

    NUMERO      desplazar e ir al estado 47
    id          desplazar e ir al estado 48
    CADENA      desplazar e ir al estado 49
    DECIMAL     desplazar e ir al estado 50
    tk_PARA     desplazar e ir al estado 51
    tk_true     desplazar e ir al estado 52
    tk_false    desplazar e ir al estado 53
    res_mean    desplazar e ir al estado 54
    res_median  desplazar e ir al estado 55
    res_mode    desplazar e ir al estado 56

    LISTAEXP   ir al estado 70
    EXP        ir al estado 71
    PRIMITIVE  ir al estado 58


Estado 38

   20 ASIGNAR: id tk_LLAVA • EXP tk_LLAVC '=' tk_LLAVA EXP tk_LLAVC

    NUMERO      desplazar e ir al estado 47
    id          desplazar e ir al estado 48
    CADENA      desplazar e ir al estado 49
    DECIMAL     desplazar e ir al estado 50
    tk_PARA     desplazar e ir al estado 51
    tk_true     desplazar e ir al estado 52
    tk_false    desplazar e ir al estado 53
    res_mean    desplazar e ir al estado 54
    res_median  desplazar e ir al estado 55
    res_mode    desplazar e ir al estado 56

    EXP        ir al estado 72
    PRIMITIVE  ir al estado 58


Estado 39

   34 INCREMENTO: id mas_mas •

    $default  reduce usando la regla 34 (INCREMENTO)


Estado 40

   35 INCREMENTO: id menos_menos •

    $default  reduce usando la regla 35 (INCREMENTO)


Estado 41

   19 ASIGNAR: id '=' • EXP

    NUMERO      desplazar e ir al estado 47
    id          desplazar e ir al estado 48
    CADENA      desplazar e ir al estado 49
    DECIMAL     desplazar e ir al estado 50
    tk_PARA     desplazar e ir al estado 51
    tk_true     desplazar e ir al estado 52
    tk_false    desplazar e ir al estado 53
    res_mean    desplazar e ir al estado 54
    res_median  desplazar e ir al estado 55
    res_mode    desplazar e ir al estado 56

    EXP        ir al estado 73
    PRIMITIVE  ir al estado 58


Estado 42

   28 VECTOR: id '.' • res_pushB tk_PARA EXP tk_PARC
   29       | id '.' • res_pushF tk_PARA EXP tk_PARC
   30       | id '.' • res_get tk_PARA EXP tk_PARC
   31       | id '.' • res_remove tk_PARA EXP tk_PARC
   32       | id '.' • res_size tk_PARA tk_PARC

    res_pushB   desplazar e ir al estado 74
    res_pushF   desplazar e ir al estado 75
    res_get     desplazar e ir al estado 76
    res_remove  desplazar e ir al estado 77
    res_size    desplazar e ir al estado 78


Estado 43

   33 PRINT: PRINTF tk_PARA • EXP tk_PARC

    NUMERO      desplazar e ir al estado 47
    id          desplazar e ir al estado 48
    CADENA      desplazar e ir al estado 49
    DECIMAL     desplazar e ir al estado 50
    tk_PARA     desplazar e ir al estado 51
    tk_true     desplazar e ir al estado 52
    tk_false    desplazar e ir al estado 53
    res_mean    desplazar e ir al estado 54
    res_median  desplazar e ir al estado 55
    res_mode    desplazar e ir al estado 56

    EXP        ir al estado 79
    PRIMITIVE  ir al estado 58


Estado 44

   21 IF: res_IF tk_PARA • EXP tk_PARC tk_LLAVA LIST_INST tk_LLAVC
   22   | res_IF tk_PARA • EXP tk_PARC tk_LLAVA LIST_INST tk_LLAVC res_ELSE IF
   23   | res_IF tk_PARA • EXP tk_PARC tk_LLAVA LIST_INST tk_LLAVC res_ELSE tk_LLAVA LIST_INST tk_LLAVC

    NUMERO      desplazar e ir al estado 47
    id          desplazar e ir al estado 48
    CADENA      desplazar e ir al estado 49
    DECIMAL     desplazar e ir al estado 50
    tk_PARA     desplazar e ir al estado 51
    tk_true     desplazar e ir al estado 52
    tk_false    desplazar e ir al estado 53
    res_mean    desplazar e ir al estado 54
    res_median  desplazar e ir al estado 55
    res_mode    desplazar e ir al estado 56

    EXP        ir al estado 80
    PRIMITIVE  ir al estado 58


Estado 45

   24 WHILE: res_WHILE tk_PARA • EXP tk_PARC tk_LLAVA LIST_INST tk_LLAVC

    NUMERO      desplazar e ir al estado 47
    id          desplazar e ir al estado 48
    CADENA      desplazar e ir al estado 49
    DECIMAL     desplazar e ir al estado 50
    tk_PARA     desplazar e ir al estado 51
    tk_true     desplazar e ir al estado 52
    tk_false    desplazar e ir al estado 53
    res_mean    desplazar e ir al estado 54
    res_median  desplazar e ir al estado 55
    res_mode    desplazar e ir al estado 56

    EXP        ir al estado 81
    PRIMITIVE  ir al estado 58


Estado 46

   25 FOR: res_FOR tk_PARA • DECLARAR ';' EXP ';' INCREMENTO tk_PARC tk_LLAVA LIST_INST tk_LLAVC

    tk_void    desplazar e ir al estado 1
    tk_int     desplazar e ir al estado 2
    tk_string  desplazar e ir al estado 3
    tk_float   desplazar e ir al estado 4
    tk_bool    desplazar e ir al estado 5

    DECLARAR  ir al estado 82
    TYPES     ir al estado 83


Estado 47

   64 PRIMITIVE: NUMERO •

    $default  reduce usando la regla 64 (PRIMITIVE)


Estado 48

   66 PRIMITIVE: id •

    $default  reduce usando la regla 66 (PRIMITIVE)


Estado 49

   65 PRIMITIVE: CADENA •

    $default  reduce usando la regla 65 (PRIMITIVE)


Estado 50

   67 PRIMITIVE: DECIMAL •

    $default  reduce usando la regla 67 (PRIMITIVE)


Estado 51

   62 EXP: tk_PARA • EXP tk_PARC

    NUMERO      desplazar e ir al estado 47
    id          desplazar e ir al estado 48
    CADENA      desplazar e ir al estado 49
    DECIMAL     desplazar e ir al estado 50
    tk_PARA     desplazar e ir al estado 51
    tk_true     desplazar e ir al estado 52
    tk_false    desplazar e ir al estado 53
    res_mean    desplazar e ir al estado 54
    res_median  desplazar e ir al estado 55
    res_mode    desplazar e ir al estado 56

    EXP        ir al estado 84
    PRIMITIVE  ir al estado 58


Estado 52

   68 PRIMITIVE: tk_true •

    $default  reduce usando la regla 68 (PRIMITIVE)


Estado 53

   69 PRIMITIVE: tk_false •

    $default  reduce usando la regla 69 (PRIMITIVE)


Estado 54

   70 PRIMITIVE: res_mean • tk_PARA id tk_PARC

    tk_PARA  desplazar e ir al estado 85


Estado 55

   71 PRIMITIVE: res_median • tk_PARA id tk_PARC

    tk_PARA  desplazar e ir al estado 86


Estado 56

   72 PRIMITIVE: res_mode • tk_PARA id tk_PARC

    tk_PARA  desplazar e ir al estado 87


Estado 57

   39 RETORNO: res_RETURN EXP •
   49 EXP: EXP • suma EXP
   50    | EXP • menos EXP
   51    | EXP • mult EXP
   52    | EXP • div EXP
   53    | EXP • tk_menor_igual EXP
   54    | EXP • tk_menorq EXP
   55    | EXP • tk_mayor_igual EXP
   56    | EXP • tk_mayorq EXP
   57    | EXP • tk_igualq EXP
   58    | EXP • tk_diferenteq EXP
   59    | EXP • tk_and EXP
   60    | EXP • tk_or EXP
   61    | EXP • tk_not EXP

    suma            desplazar e ir al estado 88
    menos           desplazar e ir al estado 89
    mult            desplazar e ir al estado 90
    div             desplazar e ir al estado 91
    tk_igualq       desplazar e ir al estado 92
    tk_diferenteq   desplazar e ir al estado 93
    tk_mayor_igual  desplazar e ir al estado 94
    tk_menor_igual  desplazar e ir al estado 95
    tk_menorq       desplazar e ir al estado 96
    tk_mayorq       desplazar e ir al estado 97
    tk_and          desplazar e ir al estado 98
    tk_or           desplazar e ir al estado 99
    tk_not          desplazar e ir al estado 100

    $default  reduce usando la regla 39 (RETORNO)


Estado 58

   63 EXP: PRIMITIVE •

    $default  reduce usando la regla 63 (EXP)


Estado 59

   26 VECTOR: res_VECTOR tk_menorq • TYPES tk_mayorq id '=' tk_CORCHA LISTAEXP tk_CORCHC
   27       | res_VECTOR tk_menorq • TYPES tk_mayorq id

    tk_void    desplazar e ir al estado 1
    tk_int     desplazar e ir al estado 2
    tk_string  desplazar e ir al estado 3
    tk_float   desplazar e ir al estado 4
    tk_bool    desplazar e ir al estado 5

    TYPES  ir al estado 101


Estado 60

    2 MAIN: TYPES rmain tk_PARA tk_PARC tk_LLAVA LIST_INST tk_LLAVC •

    $default  reduce usando la regla 2 (MAIN)


Estado 61

    3 LIST_INST: LIST_INST INSTRUCTION •

    $default  reduce usando la regla 3 (LIST_INST)


Estado 62

    6 INSTRUCTION: DECLARAR ';' •

    $default  reduce usando la regla 6 (INSTRUCTION)


Estado 63

    7 INSTRUCTION: ASIGNAR ';' •

    $default  reduce usando la regla 7 (INSTRUCTION)


Estado 64

    8 INSTRUCTION: VECTOR ';' •

    $default  reduce usando la regla 8 (INSTRUCTION)


Estado 65

    5 INSTRUCTION: PRINT ';' •

    $default  reduce usando la regla 5 (INSTRUCTION)


Estado 66

    9 INSTRUCTION: INCREMENTO ';' •

    $default  reduce usando la regla 9 (INSTRUCTION)


Estado 67

   10 INSTRUCTION: LLAMADAF ';' •

    $default  reduce usando la regla 10 (INSTRUCTION)


Estado 68

   13 INSTRUCTION: RETORNO ';' •

    $default  reduce usando la regla 13 (INSTRUCTION)


Estado 69

   17 DECLARAR: TYPES id •
   18         | TYPES id • '=' EXP
   36 FUNC: TYPES id • tk_PARA LISTPARAM tk_PARC tk_LLAVA LIST_INST tk_LLAVC
   37     | TYPES id • tk_PARA tk_PARC tk_LLAVA LIST_INST tk_LLAVC

    tk_PARA  desplazar e ir al estado 102
    '='      desplazar e ir al estado 103

    $default  reduce usando la regla 17 (DECLARAR)


Estado 70

   38 LLAMADAF: id tk_PARA LISTAEXP • tk_PARC
   45 LISTAEXP: LISTAEXP • ',' EXP

    tk_PARC  desplazar e ir al estado 104
    ','      desplazar e ir al estado 105


Estado 71

   46 LISTAEXP: EXP •
   49 EXP: EXP • suma EXP
   50    | EXP • menos EXP
   51    | EXP • mult EXP
   52    | EXP • div EXP
   53    | EXP • tk_menor_igual EXP
   54    | EXP • tk_menorq EXP
   55    | EXP • tk_mayor_igual EXP
   56    | EXP • tk_mayorq EXP
   57    | EXP • tk_igualq EXP
   58    | EXP • tk_diferenteq EXP
   59    | EXP • tk_and EXP
   60    | EXP • tk_or EXP
   61    | EXP • tk_not EXP

    suma            desplazar e ir al estado 88
    menos           desplazar e ir al estado 89
    mult            desplazar e ir al estado 90
    div             desplazar e ir al estado 91
    tk_igualq       desplazar e ir al estado 92
    tk_diferenteq   desplazar e ir al estado 93
    tk_mayor_igual  desplazar e ir al estado 94
    tk_menor_igual  desplazar e ir al estado 95
    tk_menorq       desplazar e ir al estado 96
    tk_mayorq       desplazar e ir al estado 97
    tk_and          desplazar e ir al estado 98
    tk_or           desplazar e ir al estado 99
    tk_not          desplazar e ir al estado 100

    $default  reduce usando la regla 46 (LISTAEXP)


Estado 72

   20 ASIGNAR: id tk_LLAVA EXP • tk_LLAVC '=' tk_LLAVA EXP tk_LLAVC
   49 EXP: EXP • suma EXP
   50    | EXP • menos EXP
   51    | EXP • mult EXP
   52    | EXP • div EXP
   53    | EXP • tk_menor_igual EXP
   54    | EXP • tk_menorq EXP
   55    | EXP • tk_mayor_igual EXP
   56    | EXP • tk_mayorq EXP
   57    | EXP • tk_igualq EXP
   58    | EXP • tk_diferenteq EXP
   59    | EXP • tk_and EXP
   60    | EXP • tk_or EXP
   61    | EXP • tk_not EXP

    suma            desplazar e ir al estado 88
    menos           desplazar e ir al estado 89
    mult            desplazar e ir al estado 90
    div             desplazar e ir al estado 91
    tk_LLAVC        desplazar e ir al estado 106
    tk_igualq       desplazar e ir al estado 92
    tk_diferenteq   desplazar e ir al estado 93
    tk_mayor_igual  desplazar e ir al estado 94
    tk_menor_igual  desplazar e ir al estado 95
    tk_menorq       desplazar e ir al estado 96
    tk_mayorq       desplazar e ir al estado 97
    tk_and          desplazar e ir al estado 98
    tk_or           desplazar e ir al estado 99
    tk_not          desplazar e ir al estado 100


Estado 73

   19 ASIGNAR: id '=' EXP •
   49 EXP: EXP • suma EXP
   50    | EXP • menos EXP
   51    | EXP • mult EXP
   52    | EXP • div EXP
   53    | EXP • tk_menor_igual EXP
   54    | EXP • tk_menorq EXP
   55    | EXP • tk_mayor_igual EXP
   56    | EXP • tk_mayorq EXP
   57    | EXP • tk_igualq EXP
   58    | EXP • tk_diferenteq EXP
   59    | EXP • tk_and EXP
   60    | EXP • tk_or EXP
   61    | EXP • tk_not EXP

    suma            desplazar e ir al estado 88
    menos           desplazar e ir al estado 89
    mult            desplazar e ir al estado 90
    div             desplazar e ir al estado 91
    tk_igualq       desplazar e ir al estado 92
    tk_diferenteq   desplazar e ir al estado 93
    tk_mayor_igual  desplazar e ir al estado 94
    tk_menor_igual  desplazar e ir al estado 95
    tk_menorq       desplazar e ir al estado 96
    tk_mayorq       desplazar e ir al estado 97
    tk_and          desplazar e ir al estado 98
    tk_or           desplazar e ir al estado 99
    tk_not          desplazar e ir al estado 100

    $default  reduce usando la regla 19 (ASIGNAR)


Estado 74

   28 VECTOR: id '.' res_pushB • tk_PARA EXP tk_PARC

    tk_PARA  desplazar e ir al estado 107


Estado 75

   29 VECTOR: id '.' res_pushF • tk_PARA EXP tk_PARC

    tk_PARA  desplazar e ir al estado 108


Estado 76

   30 VECTOR: id '.' res_get • tk_PARA EXP tk_PARC

    tk_PARA  desplazar e ir al estado 109


Estado 77

   31 VECTOR: id '.' res_remove • tk_PARA EXP tk_PARC

    tk_PARA  desplazar e ir al estado 110


Estado 78

   32 VECTOR: id '.' res_size • tk_PARA tk_PARC

    tk_PARA  desplazar e ir al estado 111


Estado 79

   33 PRINT: PRINTF tk_PARA EXP • tk_PARC
   49 EXP: EXP • suma EXP
   50    | EXP • menos EXP
   51    | EXP • mult EXP
   52    | EXP • div EXP
   53    | EXP • tk_menor_igual EXP
   54    | EXP • tk_menorq EXP
   55    | EXP • tk_mayor_igual EXP
   56    | EXP • tk_mayorq EXP
   57    | EXP • tk_igualq EXP
   58    | EXP • tk_diferenteq EXP
   59    | EXP • tk_and EXP
   60    | EXP • tk_or EXP
   61    | EXP • tk_not EXP

    suma            desplazar e ir al estado 88
    menos           desplazar e ir al estado 89
    mult            desplazar e ir al estado 90
    div             desplazar e ir al estado 91
    tk_PARC         desplazar e ir al estado 112
    tk_igualq       desplazar e ir al estado 92
    tk_diferenteq   desplazar e ir al estado 93
    tk_mayor_igual  desplazar e ir al estado 94
    tk_menor_igual  desplazar e ir al estado 95
    tk_menorq       desplazar e ir al estado 96
    tk_mayorq       desplazar e ir al estado 97
    tk_and          desplazar e ir al estado 98
    tk_or           desplazar e ir al estado 99
    tk_not          desplazar e ir al estado 100


Estado 80

   21 IF: res_IF tk_PARA EXP • tk_PARC tk_LLAVA LIST_INST tk_LLAVC
   22   | res_IF tk_PARA EXP • tk_PARC tk_LLAVA LIST_INST tk_LLAVC res_ELSE IF
   23   | res_IF tk_PARA EXP • tk_PARC tk_LLAVA LIST_INST tk_LLAVC res_ELSE tk_LLAVA LIST_INST tk_LLAVC
   49 EXP: EXP • suma EXP
   50    | EXP • menos EXP
   51    | EXP • mult EXP
   52    | EXP • div EXP
   53    | EXP • tk_menor_igual EXP
   54    | EXP • tk_menorq EXP
   55    | EXP • tk_mayor_igual EXP
   56    | EXP • tk_mayorq EXP
   57    | EXP • tk_igualq EXP
   58    | EXP • tk_diferenteq EXP
   59    | EXP • tk_and EXP
   60    | EXP • tk_or EXP
   61    | EXP • tk_not EXP

    suma            desplazar e ir al estado 88
    menos           desplazar e ir al estado 89
    mult            desplazar e ir al estado 90
    div             desplazar e ir al estado 91
    tk_PARC         desplazar e ir al estado 113
    tk_igualq       desplazar e ir al estado 92
    tk_diferenteq   desplazar e ir al estado 93
    tk_mayor_igual  desplazar e ir al estado 94
    tk_menor_igual  desplazar e ir al estado 95
    tk_menorq       desplazar e ir al estado 96
    tk_mayorq       desplazar e ir al estado 97
    tk_and          desplazar e ir al estado 98
    tk_or           desplazar e ir al estado 99
    tk_not          desplazar e ir al estado 100


Estado 81

   24 WHILE: res_WHILE tk_PARA EXP • tk_PARC tk_LLAVA LIST_INST tk_LLAVC
   49 EXP: EXP • suma EXP
   50    | EXP • menos EXP
   51    | EXP • mult EXP
   52    | EXP • div EXP
   53    | EXP • tk_menor_igual EXP
   54    | EXP • tk_menorq EXP
   55    | EXP • tk_mayor_igual EXP
   56    | EXP • tk_mayorq EXP
   57    | EXP • tk_igualq EXP
   58    | EXP • tk_diferenteq EXP
   59    | EXP • tk_and EXP
   60    | EXP • tk_or EXP
   61    | EXP • tk_not EXP

    suma            desplazar e ir al estado 88
    menos           desplazar e ir al estado 89
    mult            desplazar e ir al estado 90
    div             desplazar e ir al estado 91
    tk_PARC         desplazar e ir al estado 114
    tk_igualq       desplazar e ir al estado 92
    tk_diferenteq   desplazar e ir al estado 93
    tk_mayor_igual  desplazar e ir al estado 94
    tk_menor_igual  desplazar e ir al estado 95
    tk_menorq       desplazar e ir al estado 96
    tk_mayorq       desplazar e ir al estado 97
    tk_and          desplazar e ir al estado 98
    tk_or           desplazar e ir al estado 99
    tk_not          desplazar e ir al estado 100


Estado 82

   25 FOR: res_FOR tk_PARA DECLARAR • ';' EXP ';' INCREMENTO tk_PARC tk_LLAVA LIST_INST tk_LLAVC

    ';'  desplazar e ir al estado 115


Estado 83

   17 DECLARAR: TYPES • id
   18         | TYPES • id '=' EXP

    id  desplazar e ir al estado 116


Estado 84

   49 EXP: EXP • suma EXP
   50    | EXP • menos EXP
   51    | EXP • mult EXP
   52    | EXP • div EXP
   53    | EXP • tk_menor_igual EXP
   54    | EXP • tk_menorq EXP
   55    | EXP • tk_mayor_igual EXP
   56    | EXP • tk_mayorq EXP
   57    | EXP • tk_igualq EXP
   58    | EXP • tk_diferenteq EXP
   59    | EXP • tk_and EXP
   60    | EXP • tk_or EXP
   61    | EXP • tk_not EXP
   62    | tk_PARA EXP • tk_PARC

    suma            desplazar e ir al estado 88
    menos           desplazar e ir al estado 89
    mult            desplazar e ir al estado 90
    div             desplazar e ir al estado 91
    tk_PARC         desplazar e ir al estado 117
    tk_igualq       desplazar e ir al estado 92
    tk_diferenteq   desplazar e ir al estado 93
    tk_mayor_igual  desplazar e ir al estado 94
    tk_menor_igual  desplazar e ir al estado 95
    tk_menorq       desplazar e ir al estado 96
    tk_mayorq       desplazar e ir al estado 97
    tk_and          desplazar e ir al estado 98
    tk_or           desplazar e ir al estado 99
    tk_not          desplazar e ir al estado 100


Estado 85

   70 PRIMITIVE: res_mean tk_PARA • id tk_PARC

    id  desplazar e ir al estado 118


Estado 86

   71 PRIMITIVE: res_median tk_PARA • id tk_PARC

    id  desplazar e ir al estado 119


Estado 87

   72 PRIMITIVE: res_mode tk_PARA • id tk_PARC

    id  desplazar e ir al estado 120


Estado 88

   49 EXP: EXP suma • EXP

    NUMERO      desplazar e ir al estado 47
    id          desplazar e ir al estado 48
    CADENA      desplazar e ir al estado 49
    DECIMAL     desplazar e ir al estado 50
    tk_PARA     desplazar e ir al estado 51
    tk_true     desplazar e ir al estado 52
    tk_false    desplazar e ir al estado 53
    res_mean    desplazar e ir al estado 54
    res_median  desplazar e ir al estado 55
    res_mode    desplazar e ir al estado 56

    EXP        ir al estado 121
    PRIMITIVE  ir al estado 58


Estado 89

   50 EXP: EXP menos • EXP

    NUMERO      desplazar e ir al estado 47
    id          desplazar e ir al estado 48
    CADENA      desplazar e ir al estado 49
    DECIMAL     desplazar e ir al estado 50
    tk_PARA     desplazar e ir al estado 51
    tk_true     desplazar e ir al estado 52
    tk_false    desplazar e ir al estado 53
    res_mean    desplazar e ir al estado 54
    res_median  desplazar e ir al estado 55
    res_mode    desplazar e ir al estado 56

    EXP        ir al estado 122
    PRIMITIVE  ir al estado 58


Estado 90

   51 EXP: EXP mult • EXP

    NUMERO      desplazar e ir al estado 47
    id          desplazar e ir al estado 48
    CADENA      desplazar e ir al estado 49
    DECIMAL     desplazar e ir al estado 50
    tk_PARA     desplazar e ir al estado 51
    tk_true     desplazar e ir al estado 52
    tk_false    desplazar e ir al estado 53
    res_mean    desplazar e ir al estado 54
    res_median  desplazar e ir al estado 55
    res_mode    desplazar e ir al estado 56

    EXP        ir al estado 123
    PRIMITIVE  ir al estado 58


Estado 91

   52 EXP: EXP div • EXP

    NUMERO      desplazar e ir al estado 47
    id          desplazar e ir al estado 48
    CADENA      desplazar e ir al estado 49
    DECIMAL     desplazar e ir al estado 50
    tk_PARA     desplazar e ir al estado 51
    tk_true     desplazar e ir al estado 52
    tk_false    desplazar e ir al estado 53
    res_mean    desplazar e ir al estado 54
    res_median  desplazar e ir al estado 55
    res_mode    desplazar e ir al estado 56

    EXP        ir al estado 124
    PRIMITIVE  ir al estado 58


Estado 92

   57 EXP: EXP tk_igualq • EXP

    NUMERO      desplazar e ir al estado 47
    id          desplazar e ir al estado 48
    CADENA      desplazar e ir al estado 49
    DECIMAL     desplazar e ir al estado 50
    tk_PARA     desplazar e ir al estado 51
    tk_true     desplazar e ir al estado 52
    tk_false    desplazar e ir al estado 53
    res_mean    desplazar e ir al estado 54
    res_median  desplazar e ir al estado 55
    res_mode    desplazar e ir al estado 56

    EXP        ir al estado 125
    PRIMITIVE  ir al estado 58


Estado 93

   58 EXP: EXP tk_diferenteq • EXP

    NUMERO      desplazar e ir al estado 47
    id          desplazar e ir al estado 48
    CADENA      desplazar e ir al estado 49
    DECIMAL     desplazar e ir al estado 50
    tk_PARA     desplazar e ir al estado 51
    tk_true     desplazar e ir al estado 52
    tk_false    desplazar e ir al estado 53
    res_mean    desplazar e ir al estado 54
    res_median  desplazar e ir al estado 55
    res_mode    desplazar e ir al estado 56

    EXP        ir al estado 126
    PRIMITIVE  ir al estado 58


Estado 94

   55 EXP: EXP tk_mayor_igual • EXP

    NUMERO      desplazar e ir al estado 47
    id          desplazar e ir al estado 48
    CADENA      desplazar e ir al estado 49
    DECIMAL     desplazar e ir al estado 50
    tk_PARA     desplazar e ir al estado 51
    tk_true     desplazar e ir al estado 52
    tk_false    desplazar e ir al estado 53
    res_mean    desplazar e ir al estado 54
    res_median  desplazar e ir al estado 55
    res_mode    desplazar e ir al estado 56

    EXP        ir al estado 127
    PRIMITIVE  ir al estado 58


Estado 95

   53 EXP: EXP tk_menor_igual • EXP

    NUMERO      desplazar e ir al estado 47
    id          desplazar e ir al estado 48
    CADENA      desplazar e ir al estado 49
    DECIMAL     desplazar e ir al estado 50
    tk_PARA     desplazar e ir al estado 51
    tk_true     desplazar e ir al estado 52
    tk_false    desplazar e ir al estado 53
    res_mean    desplazar e ir al estado 54
    res_median  desplazar e ir al estado 55
    res_mode    desplazar e ir al estado 56

    EXP        ir al estado 128
    PRIMITIVE  ir al estado 58


Estado 96

   54 EXP: EXP tk_menorq • EXP

    NUMERO      desplazar e ir al estado 47
    id          desplazar e ir al estado 48
    CADENA      desplazar e ir al estado 49
    DECIMAL     desplazar e ir al estado 50
    tk_PARA     desplazar e ir al estado 51
    tk_true     desplazar e ir al estado 52
    tk_false    desplazar e ir al estado 53
    res_mean    desplazar e ir al estado 54
    res_median  desplazar e ir al estado 55
    res_mode    desplazar e ir al estado 56

    EXP        ir al estado 129
    PRIMITIVE  ir al estado 58


Estado 97

   56 EXP: EXP tk_mayorq • EXP

    NUMERO      desplazar e ir al estado 47
    id          desplazar e ir al estado 48
    CADENA      desplazar e ir al estado 49
    DECIMAL     desplazar e ir al estado 50
    tk_PARA     desplazar e ir al estado 51
    tk_true     desplazar e ir al estado 52
    tk_false    desplazar e ir al estado 53
    res_mean    desplazar e ir al estado 54
    res_median  desplazar e ir al estado 55
    res_mode    desplazar e ir al estado 56

    EXP        ir al estado 130
    PRIMITIVE  ir al estado 58


Estado 98

   59 EXP: EXP tk_and • EXP

    NUMERO      desplazar e ir al estado 47
    id          desplazar e ir al estado 48
    CADENA      desplazar e ir al estado 49
    DECIMAL     desplazar e ir al estado 50
    tk_PARA     desplazar e ir al estado 51
    tk_true     desplazar e ir al estado 52
    tk_false    desplazar e ir al estado 53
    res_mean    desplazar e ir al estado 54
    res_median  desplazar e ir al estado 55
    res_mode    desplazar e ir al estado 56

    EXP        ir al estado 131
    PRIMITIVE  ir al estado 58


Estado 99

   60 EXP: EXP tk_or • EXP

    NUMERO      desplazar e ir al estado 47
    id          desplazar e ir al estado 48
    CADENA      desplazar e ir al estado 49
    DECIMAL     desplazar e ir al estado 50
    tk_PARA     desplazar e ir al estado 51
    tk_true     desplazar e ir al estado 52
    tk_false    desplazar e ir al estado 53
    res_mean    desplazar e ir al estado 54
    res_median  desplazar e ir al estado 55
    res_mode    desplazar e ir al estado 56

    EXP        ir al estado 132
    PRIMITIVE  ir al estado 58


Estado 100

   61 EXP: EXP tk_not • EXP

    NUMERO      desplazar e ir al estado 47
    id          desplazar e ir al estado 48
    CADENA      desplazar e ir al estado 49
    DECIMAL     desplazar e ir al estado 50
    tk_PARA     desplazar e ir al estado 51
    tk_true     desplazar e ir al estado 52
    tk_false    desplazar e ir al estado 53
    res_mean    desplazar e ir al estado 54
    res_median  desplazar e ir al estado 55
    res_mode    desplazar e ir al estado 56

    EXP        ir al estado 133
    PRIMITIVE  ir al estado 58


Estado 101

   26 VECTOR: res_VECTOR tk_menorq TYPES • tk_mayorq id '=' tk_CORCHA LISTAEXP tk_CORCHC
   27       | res_VECTOR tk_menorq TYPES • tk_mayorq id

    tk_mayorq  desplazar e ir al estado 134


Estado 102

   36 FUNC: TYPES id tk_PARA • LISTPARAM tk_PARC tk_LLAVA LIST_INST tk_LLAVC
   37     | TYPES id tk_PARA • tk_PARC tk_LLAVA LIST_INST tk_LLAVC

    tk_void    desplazar e ir al estado 1
    tk_int     desplazar e ir al estado 2
    tk_string  desplazar e ir al estado 3
    tk_float   desplazar e ir al estado 4
    tk_bool    desplazar e ir al estado 5
    tk_PARC    desplazar e ir al estado 135

    TYPES      ir al estado 136
    LISTPARAM  ir al estado 137


Estado 103

   18 DECLARAR: TYPES id '=' • EXP

    NUMERO      desplazar e ir al estado 47
    id          desplazar e ir al estado 48
    CADENA      desplazar e ir al estado 49
    DECIMAL     desplazar e ir al estado 50
    tk_PARA     desplazar e ir al estado 51
    tk_true     desplazar e ir al estado 52
    tk_false    desplazar e ir al estado 53
    res_mean    desplazar e ir al estado 54
    res_median  desplazar e ir al estado 55
    res_mode    desplazar e ir al estado 56

    EXP        ir al estado 138
    PRIMITIVE  ir al estado 58


Estado 104

   38 LLAMADAF: id tk_PARA LISTAEXP tk_PARC •

    $default  reduce usando la regla 38 (LLAMADAF)


Estado 105

   45 LISTAEXP: LISTAEXP ',' • EXP

    NUMERO      desplazar e ir al estado 47
    id          desplazar e ir al estado 48
    CADENA      desplazar e ir al estado 49
    DECIMAL     desplazar e ir al estado 50
    tk_PARA     desplazar e ir al estado 51
    tk_true     desplazar e ir al estado 52
    tk_false    desplazar e ir al estado 53
    res_mean    desplazar e ir al estado 54
    res_median  desplazar e ir al estado 55
    res_mode    desplazar e ir al estado 56

    EXP        ir al estado 139
    PRIMITIVE  ir al estado 58


Estado 106

   20 ASIGNAR: id tk_LLAVA EXP tk_LLAVC • '=' tk_LLAVA EXP tk_LLAVC

    '='  desplazar e ir al estado 140


Estado 107

   28 VECTOR: id '.' res_pushB tk_PARA • EXP tk_PARC

    NUMERO      desplazar e ir al estado 47
    id          desplazar e ir al estado 48
    CADENA      desplazar e ir al estado 49
    DECIMAL     desplazar e ir al estado 50
    tk_PARA     desplazar e ir al estado 51
    tk_true     desplazar e ir al estado 52
    tk_false    desplazar e ir al estado 53
    res_mean    desplazar e ir al estado 54
    res_median  desplazar e ir al estado 55
    res_mode    desplazar e ir al estado 56

    EXP        ir al estado 141
    PRIMITIVE  ir al estado 58


Estado 108

   29 VECTOR: id '.' res_pushF tk_PARA • EXP tk_PARC

    NUMERO      desplazar e ir al estado 47
    id          desplazar e ir al estado 48
    CADENA      desplazar e ir al estado 49
    DECIMAL     desplazar e ir al estado 50
    tk_PARA     desplazar e ir al estado 51
    tk_true     desplazar e ir al estado 52
    tk_false    desplazar e ir al estado 53
    res_mean    desplazar e ir al estado 54
    res_median  desplazar e ir al estado 55
    res_mode    desplazar e ir al estado 56

    EXP        ir al estado 142
    PRIMITIVE  ir al estado 58


Estado 109

   30 VECTOR: id '.' res_get tk_PARA • EXP tk_PARC

    NUMERO      desplazar e ir al estado 47
    id          desplazar e ir al estado 48
    CADENA      desplazar e ir al estado 49
    DECIMAL     desplazar e ir al estado 50
    tk_PARA     desplazar e ir al estado 51
    tk_true     desplazar e ir al estado 52
    tk_false    desplazar e ir al estado 53
    res_mean    desplazar e ir al estado 54
    res_median  desplazar e ir al estado 55
    res_mode    desplazar e ir al estado 56

    EXP        ir al estado 143
    PRIMITIVE  ir al estado 58


Estado 110

   31 VECTOR: id '.' res_remove tk_PARA • EXP tk_PARC

    NUMERO      desplazar e ir al estado 47
    id          desplazar e ir al estado 48
    CADENA      desplazar e ir al estado 49
    DECIMAL     desplazar e ir al estado 50
    tk_PARA     desplazar e ir al estado 51
    tk_true     desplazar e ir al estado 52
    tk_false    desplazar e ir al estado 53
    res_mean    desplazar e ir al estado 54
    res_median  desplazar e ir al estado 55
    res_mode    desplazar e ir al estado 56

    EXP        ir al estado 144
    PRIMITIVE  ir al estado 58


Estado 111

   32 VECTOR: id '.' res_size tk_PARA • tk_PARC

    tk_PARC  desplazar e ir al estado 145


Estado 112

   33 PRINT: PRINTF tk_PARA EXP tk_PARC •

    $default  reduce usando la regla 33 (PRINT)


Estado 113

   21 IF: res_IF tk_PARA EXP tk_PARC • tk_LLAVA LIST_INST tk_LLAVC
   22   | res_IF tk_PARA EXP tk_PARC • tk_LLAVA LIST_INST tk_LLAVC res_ELSE IF
   23   | res_IF tk_PARA EXP tk_PARC • tk_LLAVA LIST_INST tk_LLAVC res_ELSE tk_LLAVA LIST_INST tk_LLAVC

    tk_LLAVA  desplazar e ir al estado 146


Estado 114

   24 WHILE: res_WHILE tk_PARA EXP tk_PARC • tk_LLAVA LIST_INST tk_LLAVC

    tk_LLAVA  desplazar e ir al estado 147


Estado 115

   25 FOR: res_FOR tk_PARA DECLARAR ';' • EXP ';' INCREMENTO tk_PARC tk_LLAVA LIST_INST tk_LLAVC

    NUMERO      desplazar e ir al estado 47
    id          desplazar e ir al estado 48
    CADENA      desplazar e ir al estado 49
    DECIMAL     desplazar e ir al estado 50
    tk_PARA     desplazar e ir al estado 51
    tk_true     desplazar e ir al estado 52
    tk_false    desplazar e ir al estado 53
    res_mean    desplazar e ir al estado 54
    res_median  desplazar e ir al estado 55
    res_mode    desplazar e ir al estado 56

    EXP        ir al estado 148
    PRIMITIVE  ir al estado 58


Estado 116

   17 DECLARAR: TYPES id •
   18         | TYPES id • '=' EXP

    '='  desplazar e ir al estado 103

    $default  reduce usando la regla 17 (DECLARAR)


Estado 117

   62 EXP: tk_PARA EXP tk_PARC •

    $default  reduce usando la regla 62 (EXP)


Estado 118

   70 PRIMITIVE: res_mean tk_PARA id • tk_PARC

    tk_PARC  desplazar e ir al estado 149


Estado 119

   71 PRIMITIVE: res_median tk_PARA id • tk_PARC

    tk_PARC  desplazar e ir al estado 150


Estado 120

   72 PRIMITIVE: res_mode tk_PARA id • tk_PARC

    tk_PARC  desplazar e ir al estado 151


Estado 121

   49 EXP: EXP • suma EXP
   49    | EXP suma EXP •
   50    | EXP • menos EXP
   51    | EXP • mult EXP
   52    | EXP • div EXP
   53    | EXP • tk_menor_igual EXP
   54    | EXP • tk_menorq EXP
   55    | EXP • tk_mayor_igual EXP
   56    | EXP • tk_mayorq EXP
   57    | EXP • tk_igualq EXP
   58    | EXP • tk_diferenteq EXP
   59    | EXP • tk_and EXP
   60    | EXP • tk_or EXP
   61    | EXP • tk_not EXP

    mult            desplazar e ir al estado 90
    div             desplazar e ir al estado 91
    tk_mayor_igual  desplazar e ir al estado 94

    tk_mayor_igual  [reduce usando la regla 49 (EXP)]
    $default        reduce usando la regla 49 (EXP)


Estado 122

   49 EXP: EXP • suma EXP
   50    | EXP • menos EXP
   50    | EXP menos EXP •
   51    | EXP • mult EXP
   52    | EXP • div EXP
   53    | EXP • tk_menor_igual EXP
   54    | EXP • tk_menorq EXP
   55    | EXP • tk_mayor_igual EXP
   56    | EXP • tk_mayorq EXP
   57    | EXP • tk_igualq EXP
   58    | EXP • tk_diferenteq EXP
   59    | EXP • tk_and EXP
   60    | EXP • tk_or EXP
   61    | EXP • tk_not EXP

    mult            desplazar e ir al estado 90
    div             desplazar e ir al estado 91
    tk_mayor_igual  desplazar e ir al estado 94

    tk_mayor_igual  [reduce usando la regla 50 (EXP)]
    $default        reduce usando la regla 50 (EXP)


Estado 123

   49 EXP: EXP • suma EXP
   50    | EXP • menos EXP
   51    | EXP • mult EXP
   51    | EXP mult EXP •
   52    | EXP • div EXP
   53    | EXP • tk_menor_igual EXP
   54    | EXP • tk_menorq EXP
   55    | EXP • tk_mayor_igual EXP
   56    | EXP • tk_mayorq EXP
   57    | EXP • tk_igualq EXP
   58    | EXP • tk_diferenteq EXP
   59    | EXP • tk_and EXP
   60    | EXP • tk_or EXP
   61    | EXP • tk_not EXP

    tk_mayor_igual  desplazar e ir al estado 94

    tk_mayor_igual  [reduce usando la regla 51 (EXP)]
    $default        reduce usando la regla 51 (EXP)


Estado 124

   49 EXP: EXP • suma EXP
   50    | EXP • menos EXP
   51    | EXP • mult EXP
   52    | EXP • div EXP
   52    | EXP div EXP •
   53    | EXP • tk_menor_igual EXP
   54    | EXP • tk_menorq EXP
   55    | EXP • tk_mayor_igual EXP
   56    | EXP • tk_mayorq EXP
   57    | EXP • tk_igualq EXP
   58    | EXP • tk_diferenteq EXP
   59    | EXP • tk_and EXP
   60    | EXP • tk_or EXP
   61    | EXP • tk_not EXP

    tk_mayor_igual  desplazar e ir al estado 94

    tk_mayor_igual  [reduce usando la regla 52 (EXP)]
    $default        reduce usando la regla 52 (EXP)


Estado 125

   49 EXP: EXP • suma EXP
   50    | EXP • menos EXP
   51    | EXP • mult EXP
   52    | EXP • div EXP
   53    | EXP • tk_menor_igual EXP
   54    | EXP • tk_menorq EXP
   55    | EXP • tk_mayor_igual EXP
   56    | EXP • tk_mayorq EXP
   57    | EXP • tk_igualq EXP
   57    | EXP tk_igualq EXP •
   58    | EXP • tk_diferenteq EXP
   59    | EXP • tk_and EXP
   60    | EXP • tk_or EXP
   61    | EXP • tk_not EXP

    suma            desplazar e ir al estado 88
    menos           desplazar e ir al estado 89
    mult            desplazar e ir al estado 90
    div             desplazar e ir al estado 91
    tk_mayor_igual  desplazar e ir al estado 94

    tk_mayor_igual  [reduce usando la regla 57 (EXP)]
    $default        reduce usando la regla 57 (EXP)


Estado 126

   49 EXP: EXP • suma EXP
   50    | EXP • menos EXP
   51    | EXP • mult EXP
   52    | EXP • div EXP
   53    | EXP • tk_menor_igual EXP
   54    | EXP • tk_menorq EXP
   55    | EXP • tk_mayor_igual EXP
   56    | EXP • tk_mayorq EXP
   57    | EXP • tk_igualq EXP
   58    | EXP • tk_diferenteq EXP
   58    | EXP tk_diferenteq EXP •
   59    | EXP • tk_and EXP
   60    | EXP • tk_or EXP
   61    | EXP • tk_not EXP

    suma            desplazar e ir al estado 88
    menos           desplazar e ir al estado 89
    mult            desplazar e ir al estado 90
    div             desplazar e ir al estado 91
    tk_mayor_igual  desplazar e ir al estado 94

    tk_mayor_igual  [reduce usando la regla 58 (EXP)]
    $default        reduce usando la regla 58 (EXP)


Estado 127

   49 EXP: EXP • suma EXP
   50    | EXP • menos EXP
   51    | EXP • mult EXP
   52    | EXP • div EXP
   53    | EXP • tk_menor_igual EXP
   54    | EXP • tk_menorq EXP
   55    | EXP • tk_mayor_igual EXP
   55    | EXP tk_mayor_igual EXP •
   56    | EXP • tk_mayorq EXP
   57    | EXP • tk_igualq EXP
   58    | EXP • tk_diferenteq EXP
   59    | EXP • tk_and EXP
   60    | EXP • tk_or EXP
   61    | EXP • tk_not EXP

    suma            desplazar e ir al estado 88
    menos           desplazar e ir al estado 89
    mult            desplazar e ir al estado 90
    div             desplazar e ir al estado 91
    tk_igualq       desplazar e ir al estado 92
    tk_diferenteq   desplazar e ir al estado 93
    tk_mayor_igual  desplazar e ir al estado 94
    tk_menor_igual  desplazar e ir al estado 95
    tk_menorq       desplazar e ir al estado 96
    tk_mayorq       desplazar e ir al estado 97
    tk_and          desplazar e ir al estado 98
    tk_or           desplazar e ir al estado 99
    tk_not          desplazar e ir al estado 100

    suma            [reduce usando la regla 55 (EXP)]
    menos           [reduce usando la regla 55 (EXP)]
    mult            [reduce usando la regla 55 (EXP)]
    div             [reduce usando la regla 55 (EXP)]
    tk_igualq       [reduce usando la regla 55 (EXP)]
    tk_diferenteq   [reduce usando la regla 55 (EXP)]
    tk_mayor_igual  [reduce usando la regla 55 (EXP)]
    tk_menor_igual  [reduce usando la regla 55 (EXP)]
    tk_menorq       [reduce usando la regla 55 (EXP)]
    tk_mayorq       [reduce usando la regla 55 (EXP)]
    tk_and          [reduce usando la regla 55 (EXP)]
    tk_or           [reduce usando la regla 55 (EXP)]
    tk_not          [reduce usando la regla 55 (EXP)]
    $default        reduce usando la regla 55 (EXP)


Estado 128

   49 EXP: EXP • suma EXP
   50    | EXP • menos EXP
   51    | EXP • mult EXP
   52    | EXP • div EXP
   53    | EXP • tk_menor_igual EXP
   53    | EXP tk_menor_igual EXP •
   54    | EXP • tk_menorq EXP
   55    | EXP • tk_mayor_igual EXP
   56    | EXP • tk_mayorq EXP
   57    | EXP • tk_igualq EXP
   58    | EXP • tk_diferenteq EXP
   59    | EXP • tk_and EXP
   60    | EXP • tk_or EXP
   61    | EXP • tk_not EXP

    suma            desplazar e ir al estado 88
    menos           desplazar e ir al estado 89
    mult            desplazar e ir al estado 90
    div             desplazar e ir al estado 91
    tk_mayor_igual  desplazar e ir al estado 94

    tk_mayor_igual  [reduce usando la regla 53 (EXP)]
    $default        reduce usando la regla 53 (EXP)


Estado 129

   49 EXP: EXP • suma EXP
   50    | EXP • menos EXP
   51    | EXP • mult EXP
   52    | EXP • div EXP
   53    | EXP • tk_menor_igual EXP
   54    | EXP • tk_menorq EXP
   54    | EXP tk_menorq EXP •
   55    | EXP • tk_mayor_igual EXP
   56    | EXP • tk_mayorq EXP
   57    | EXP • tk_igualq EXP
   58    | EXP • tk_diferenteq EXP
   59    | EXP • tk_and EXP
   60    | EXP • tk_or EXP
   61    | EXP • tk_not EXP

    suma            desplazar e ir al estado 88
    menos           desplazar e ir al estado 89
    mult            desplazar e ir al estado 90
    div             desplazar e ir al estado 91
    tk_mayor_igual  desplazar e ir al estado 94

    tk_mayor_igual  [reduce usando la regla 54 (EXP)]
    $default        reduce usando la regla 54 (EXP)


Estado 130

   49 EXP: EXP • suma EXP
   50    | EXP • menos EXP
   51    | EXP • mult EXP
   52    | EXP • div EXP
   53    | EXP • tk_menor_igual EXP
   54    | EXP • tk_menorq EXP
   55    | EXP • tk_mayor_igual EXP
   56    | EXP • tk_mayorq EXP
   56    | EXP tk_mayorq EXP •
   57    | EXP • tk_igualq EXP
   58    | EXP • tk_diferenteq EXP
   59    | EXP • tk_and EXP
   60    | EXP • tk_or EXP
   61    | EXP • tk_not EXP

    suma            desplazar e ir al estado 88
    menos           desplazar e ir al estado 89
    mult            desplazar e ir al estado 90
    div             desplazar e ir al estado 91
    tk_mayor_igual  desplazar e ir al estado 94

    tk_mayor_igual  [reduce usando la regla 56 (EXP)]
    $default        reduce usando la regla 56 (EXP)


Estado 131

   49 EXP: EXP • suma EXP
   50    | EXP • menos EXP
   51    | EXP • mult EXP
   52    | EXP • div EXP
   53    | EXP • tk_menor_igual EXP
   54    | EXP • tk_menorq EXP
   55    | EXP • tk_mayor_igual EXP
   56    | EXP • tk_mayorq EXP
   57    | EXP • tk_igualq EXP
   58    | EXP • tk_diferenteq EXP
   59    | EXP • tk_and EXP
   59    | EXP tk_and EXP •
   60    | EXP • tk_or EXP
   61    | EXP • tk_not EXP

    suma            desplazar e ir al estado 88
    menos           desplazar e ir al estado 89
    mult            desplazar e ir al estado 90
    div             desplazar e ir al estado 91
    tk_igualq       desplazar e ir al estado 92
    tk_diferenteq   desplazar e ir al estado 93
    tk_mayor_igual  desplazar e ir al estado 94
    tk_menor_igual  desplazar e ir al estado 95
    tk_menorq       desplazar e ir al estado 96
    tk_mayorq       desplazar e ir al estado 97
    tk_not          desplazar e ir al estado 100

    tk_mayor_igual  [reduce usando la regla 59 (EXP)]
    $default        reduce usando la regla 59 (EXP)


Estado 132

   49 EXP: EXP • suma EXP
   50    | EXP • menos EXP
   51    | EXP • mult EXP
   52    | EXP • div EXP
   53    | EXP • tk_menor_igual EXP
   54    | EXP • tk_menorq EXP
   55    | EXP • tk_mayor_igual EXP
   56    | EXP • tk_mayorq EXP
   57    | EXP • tk_igualq EXP
   58    | EXP • tk_diferenteq EXP
   59    | EXP • tk_and EXP
   60    | EXP • tk_or EXP
   60    | EXP tk_or EXP •
   61    | EXP • tk_not EXP

    suma            desplazar e ir al estado 88
    menos           desplazar e ir al estado 89
    mult            desplazar e ir al estado 90
    div             desplazar e ir al estado 91
    tk_igualq       desplazar e ir al estado 92
    tk_diferenteq   desplazar e ir al estado 93
    tk_mayor_igual  desplazar e ir al estado 94
    tk_menor_igual  desplazar e ir al estado 95
    tk_menorq       desplazar e ir al estado 96
    tk_mayorq       desplazar e ir al estado 97
    tk_and          desplazar e ir al estado 98
    tk_not          desplazar e ir al estado 100

    tk_mayor_igual  [reduce usando la regla 60 (EXP)]
    $default        reduce usando la regla 60 (EXP)


Estado 133

   49 EXP: EXP • suma EXP
   50    | EXP • menos EXP
   51    | EXP • mult EXP
   52    | EXP • div EXP
   53    | EXP • tk_menor_igual EXP
   54    | EXP • tk_menorq EXP
   55    | EXP • tk_mayor_igual EXP
   56    | EXP • tk_mayorq EXP
   57    | EXP • tk_igualq EXP
   58    | EXP • tk_diferenteq EXP
   59    | EXP • tk_and EXP
   60    | EXP • tk_or EXP
   61    | EXP • tk_not EXP
   61    | EXP tk_not EXP •

    suma            desplazar e ir al estado 88
    menos           desplazar e ir al estado 89
    mult            desplazar e ir al estado 90
    div             desplazar e ir al estado 91
    tk_igualq       desplazar e ir al estado 92
    tk_diferenteq   desplazar e ir al estado 93
    tk_mayor_igual  desplazar e ir al estado 94
    tk_menor_igual  desplazar e ir al estado 95
    tk_menorq       desplazar e ir al estado 96
    tk_mayorq       desplazar e ir al estado 97
    tk_not          desplazar e ir al estado 100

    tk_mayor_igual  [reduce usando la regla 61 (EXP)]
    $default        reduce usando la regla 61 (EXP)


Estado 134

   26 VECTOR: res_VECTOR tk_menorq TYPES tk_mayorq • id '=' tk_CORCHA LISTAEXP tk_CORCHC
   27       | res_VECTOR tk_menorq TYPES tk_mayorq • id

    id  desplazar e ir al estado 152


Estado 135

   37 FUNC: TYPES id tk_PARA tk_PARC • tk_LLAVA LIST_INST tk_LLAVC

    tk_LLAVA  desplazar e ir al estado 153


Estado 136

   48 LISTPARAM: TYPES • id

    id  desplazar e ir al estado 154


Estado 137

   36 FUNC: TYPES id tk_PARA LISTPARAM • tk_PARC tk_LLAVA LIST_INST tk_LLAVC
   47 LISTPARAM: LISTPARAM • ',' TYPES id

    tk_PARC  desplazar e ir al estado 155
    ','      desplazar e ir al estado 156


Estado 138

   18 DECLARAR: TYPES id '=' EXP •
   49 EXP: EXP • suma EXP
   50    | EXP • menos EXP
   51    | EXP • mult EXP
   52    | EXP • div EXP
   53    | EXP • tk_menor_igual EXP
   54    | EXP • tk_menorq EXP
   55    | EXP • tk_mayor_igual EXP
   56    | EXP • tk_mayorq EXP
   57    | EXP • tk_igualq EXP
   58    | EXP • tk_diferenteq EXP
   59    | EXP • tk_and EXP
   60    | EXP • tk_or EXP
   61    | EXP • tk_not EXP

    suma            desplazar e ir al estado 88
    menos           desplazar e ir al estado 89
    mult            desplazar e ir al estado 90
    div             desplazar e ir al estado 91
    tk_igualq       desplazar e ir al estado 92
    tk_diferenteq   desplazar e ir al estado 93
    tk_mayor_igual  desplazar e ir al estado 94
    tk_menor_igual  desplazar e ir al estado 95
    tk_menorq       desplazar e ir al estado 96
    tk_mayorq       desplazar e ir al estado 97
    tk_and          desplazar e ir al estado 98
    tk_or           desplazar e ir al estado 99
    tk_not          desplazar e ir al estado 100

    $default  reduce usando la regla 18 (DECLARAR)


Estado 139

   45 LISTAEXP: LISTAEXP ',' EXP •
   49 EXP: EXP • suma EXP
   50    | EXP • menos EXP
   51    | EXP • mult EXP
   52    | EXP • div EXP
   53    | EXP • tk_menor_igual EXP
   54    | EXP • tk_menorq EXP
   55    | EXP • tk_mayor_igual EXP
   56    | EXP • tk_mayorq EXP
   57    | EXP • tk_igualq EXP
   58    | EXP • tk_diferenteq EXP
   59    | EXP • tk_and EXP
   60    | EXP • tk_or EXP
   61    | EXP • tk_not EXP

    suma            desplazar e ir al estado 88
    menos           desplazar e ir al estado 89
    mult            desplazar e ir al estado 90
    div             desplazar e ir al estado 91
    tk_igualq       desplazar e ir al estado 92
    tk_diferenteq   desplazar e ir al estado 93
    tk_mayor_igual  desplazar e ir al estado 94
    tk_menor_igual  desplazar e ir al estado 95
    tk_menorq       desplazar e ir al estado 96
    tk_mayorq       desplazar e ir al estado 97
    tk_and          desplazar e ir al estado 98
    tk_or           desplazar e ir al estado 99
    tk_not          desplazar e ir al estado 100

    $default  reduce usando la regla 45 (LISTAEXP)


Estado 140

   20 ASIGNAR: id tk_LLAVA EXP tk_LLAVC '=' • tk_LLAVA EXP tk_LLAVC

    tk_LLAVA  desplazar e ir al estado 157


Estado 141

   28 VECTOR: id '.' res_pushB tk_PARA EXP • tk_PARC
   49 EXP: EXP • suma EXP
   50    | EXP • menos EXP
   51    | EXP • mult EXP
   52    | EXP • div EXP
   53    | EXP • tk_menor_igual EXP
   54    | EXP • tk_menorq EXP
   55    | EXP • tk_mayor_igual EXP
   56    | EXP • tk_mayorq EXP
   57    | EXP • tk_igualq EXP
   58    | EXP • tk_diferenteq EXP
   59    | EXP • tk_and EXP
   60    | EXP • tk_or EXP
   61    | EXP • tk_not EXP

    suma            desplazar e ir al estado 88
    menos           desplazar e ir al estado 89
    mult            desplazar e ir al estado 90
    div             desplazar e ir al estado 91
    tk_PARC         desplazar e ir al estado 158
    tk_igualq       desplazar e ir al estado 92
    tk_diferenteq   desplazar e ir al estado 93
    tk_mayor_igual  desplazar e ir al estado 94
    tk_menor_igual  desplazar e ir al estado 95
    tk_menorq       desplazar e ir al estado 96
    tk_mayorq       desplazar e ir al estado 97
    tk_and          desplazar e ir al estado 98
    tk_or           desplazar e ir al estado 99
    tk_not          desplazar e ir al estado 100


Estado 142

   29 VECTOR: id '.' res_pushF tk_PARA EXP • tk_PARC
   49 EXP: EXP • suma EXP
   50    | EXP • menos EXP
   51    | EXP • mult EXP
   52    | EXP • div EXP
   53    | EXP • tk_menor_igual EXP
   54    | EXP • tk_menorq EXP
   55    | EXP • tk_mayor_igual EXP
   56    | EXP • tk_mayorq EXP
   57    | EXP • tk_igualq EXP
   58    | EXP • tk_diferenteq EXP
   59    | EXP • tk_and EXP
   60    | EXP • tk_or EXP
   61    | EXP • tk_not EXP

    suma            desplazar e ir al estado 88
    menos           desplazar e ir al estado 89
    mult            desplazar e ir al estado 90
    div             desplazar e ir al estado 91
    tk_PARC         desplazar e ir al estado 159
    tk_igualq       desplazar e ir al estado 92
    tk_diferenteq   desplazar e ir al estado 93
    tk_mayor_igual  desplazar e ir al estado 94
    tk_menor_igual  desplazar e ir al estado 95
    tk_menorq       desplazar e ir al estado 96
    tk_mayorq       desplazar e ir al estado 97
    tk_and          desplazar e ir al estado 98
    tk_or           desplazar e ir al estado 99
    tk_not          desplazar e ir al estado 100


Estado 143

   30 VECTOR: id '.' res_get tk_PARA EXP • tk_PARC
   49 EXP: EXP • suma EXP
   50    | EXP • menos EXP
   51    | EXP • mult EXP
   52    | EXP • div EXP
   53    | EXP • tk_menor_igual EXP
   54    | EXP • tk_menorq EXP
   55    | EXP • tk_mayor_igual EXP
   56    | EXP • tk_mayorq EXP
   57    | EXP • tk_igualq EXP
   58    | EXP • tk_diferenteq EXP
   59    | EXP • tk_and EXP
   60    | EXP • tk_or EXP
   61    | EXP • tk_not EXP

    suma            desplazar e ir al estado 88
    menos           desplazar e ir al estado 89
    mult            desplazar e ir al estado 90
    div             desplazar e ir al estado 91
    tk_PARC         desplazar e ir al estado 160
    tk_igualq       desplazar e ir al estado 92
    tk_diferenteq   desplazar e ir al estado 93
    tk_mayor_igual  desplazar e ir al estado 94
    tk_menor_igual  desplazar e ir al estado 95
    tk_menorq       desplazar e ir al estado 96
    tk_mayorq       desplazar e ir al estado 97
    tk_and          desplazar e ir al estado 98
    tk_or           desplazar e ir al estado 99
    tk_not          desplazar e ir al estado 100


Estado 144

   31 VECTOR: id '.' res_remove tk_PARA EXP • tk_PARC
   49 EXP: EXP • suma EXP
   50    | EXP • menos EXP
   51    | EXP • mult EXP
   52    | EXP • div EXP
   53    | EXP • tk_menor_igual EXP
   54    | EXP • tk_menorq EXP
   55    | EXP • tk_mayor_igual EXP
   56    | EXP • tk_mayorq EXP
   57    | EXP • tk_igualq EXP
   58    | EXP • tk_diferenteq EXP
   59    | EXP • tk_and EXP
   60    | EXP • tk_or EXP
   61    | EXP • tk_not EXP

    suma            desplazar e ir al estado 88
    menos           desplazar e ir al estado 89
    mult            desplazar e ir al estado 90
    div             desplazar e ir al estado 91
    tk_PARC         desplazar e ir al estado 161
    tk_igualq       desplazar e ir al estado 92
    tk_diferenteq   desplazar e ir al estado 93
    tk_mayor_igual  desplazar e ir al estado 94
    tk_menor_igual  desplazar e ir al estado 95
    tk_menorq       desplazar e ir al estado 96
    tk_mayorq       desplazar e ir al estado 97
    tk_and          desplazar e ir al estado 98
    tk_or           desplazar e ir al estado 99
    tk_not          desplazar e ir al estado 100


Estado 145

   32 VECTOR: id '.' res_size tk_PARA tk_PARC •

    $default  reduce usando la regla 32 (VECTOR)


Estado 146

   21 IF: res_IF tk_PARA EXP tk_PARC tk_LLAVA • LIST_INST tk_LLAVC
   22   | res_IF tk_PARA EXP tk_PARC tk_LLAVA • LIST_INST tk_LLAVC res_ELSE IF
   23   | res_IF tk_PARA EXP tk_PARC tk_LLAVA • LIST_INST tk_LLAVC res_ELSE tk_LLAVA LIST_INST tk_LLAVC

    error       desplazar e ir al estado 14
    id          desplazar e ir al estado 15
    PRINTF      desplazar e ir al estado 16
    tk_void     desplazar e ir al estado 1
    tk_int      desplazar e ir al estado 2
    tk_string   desplazar e ir al estado 3
    tk_float    desplazar e ir al estado 4
    tk_bool     desplazar e ir al estado 5
    res_IF      desplazar e ir al estado 17
    res_WHILE   desplazar e ir al estado 18
    res_FOR     desplazar e ir al estado 19
    res_RETURN  desplazar e ir al estado 20
    res_VECTOR  desplazar e ir al estado 21

    LIST_INST    ir al estado 162
    INSTRUCTION  ir al estado 23
    DECLARAR     ir al estado 24
    ASIGNAR      ir al estado 25
    IF           ir al estado 26
    WHILE        ir al estado 27
    FOR          ir al estado 28
    VECTOR       ir al estado 29
    PRINT        ir al estado 30
    INCREMENTO   ir al estado 31
    FUNC         ir al estado 32
    LLAMADAF     ir al estado 33
    RETORNO      ir al estado 34
    TYPES        ir al estado 35


Estado 147

   24 WHILE: res_WHILE tk_PARA EXP tk_PARC tk_LLAVA • LIST_INST tk_LLAVC

    error       desplazar e ir al estado 14
    id          desplazar e ir al estado 15
    PRINTF      desplazar e ir al estado 16
    tk_void     desplazar e ir al estado 1
    tk_int      desplazar e ir al estado 2
    tk_string   desplazar e ir al estado 3
    tk_float    desplazar e ir al estado 4
    tk_bool     desplazar e ir al estado 5
    res_IF      desplazar e ir al estado 17
    res_WHILE   desplazar e ir al estado 18
    res_FOR     desplazar e ir al estado 19
    res_RETURN  desplazar e ir al estado 20
    res_VECTOR  desplazar e ir al estado 21

    LIST_INST    ir al estado 163
    INSTRUCTION  ir al estado 23
    DECLARAR     ir al estado 24
    ASIGNAR      ir al estado 25
    IF           ir al estado 26
    WHILE        ir al estado 27
    FOR          ir al estado 28
    VECTOR       ir al estado 29
    PRINT        ir al estado 30
    INCREMENTO   ir al estado 31
    FUNC         ir al estado 32
    LLAMADAF     ir al estado 33
    RETORNO      ir al estado 34
    TYPES        ir al estado 35


Estado 148

   25 FOR: res_FOR tk_PARA DECLARAR ';' EXP • ';' INCREMENTO tk_PARC tk_LLAVA LIST_INST tk_LLAVC
   49 EXP: EXP • suma EXP
   50    | EXP • menos EXP
   51    | EXP • mult EXP
   52    | EXP • div EXP
   53    | EXP • tk_menor_igual EXP
   54    | EXP • tk_menorq EXP
   55    | EXP • tk_mayor_igual EXP
   56    | EXP • tk_mayorq EXP
   57    | EXP • tk_igualq EXP
   58    | EXP • tk_diferenteq EXP
   59    | EXP • tk_and EXP
   60    | EXP • tk_or EXP
   61    | EXP • tk_not EXP

    suma            desplazar e ir al estado 88
    menos           desplazar e ir al estado 89
    mult            desplazar e ir al estado 90
    div             desplazar e ir al estado 91
    tk_igualq       desplazar e ir al estado 92
    tk_diferenteq   desplazar e ir al estado 93
    tk_mayor_igual  desplazar e ir al estado 94
    tk_menor_igual  desplazar e ir al estado 95
    tk_menorq       desplazar e ir al estado 96
    tk_mayorq       desplazar e ir al estado 97
    tk_and          desplazar e ir al estado 98
    tk_or           desplazar e ir al estado 99
    tk_not          desplazar e ir al estado 100
    ';'             desplazar e ir al estado 164


Estado 149

   70 PRIMITIVE: res_mean tk_PARA id tk_PARC •

    $default  reduce usando la regla 70 (PRIMITIVE)


Estado 150

   71 PRIMITIVE: res_median tk_PARA id tk_PARC •

    $default  reduce usando la regla 71 (PRIMITIVE)


Estado 151

   72 PRIMITIVE: res_mode tk_PARA id tk_PARC •

    $default  reduce usando la regla 72 (PRIMITIVE)


Estado 152

   26 VECTOR: res_VECTOR tk_menorq TYPES tk_mayorq id • '=' tk_CORCHA LISTAEXP tk_CORCHC
   27       | res_VECTOR tk_menorq TYPES tk_mayorq id •

    '='  desplazar e ir al estado 165

    $default  reduce usando la regla 27 (VECTOR)


Estado 153

   37 FUNC: TYPES id tk_PARA tk_PARC tk_LLAVA • LIST_INST tk_LLAVC

    error       desplazar e ir al estado 14
    id          desplazar e ir al estado 15
    PRINTF      desplazar e ir al estado 16
    tk_void     desplazar e ir al estado 1
    tk_int      desplazar e ir al estado 2
    tk_string   desplazar e ir al estado 3
    tk_float    desplazar e ir al estado 4
    tk_bool     desplazar e ir al estado 5
    res_IF      desplazar e ir al estado 17
    res_WHILE   desplazar e ir al estado 18
    res_FOR     desplazar e ir al estado 19
    res_RETURN  desplazar e ir al estado 20
    res_VECTOR  desplazar e ir al estado 21

    LIST_INST    ir al estado 166
    INSTRUCTION  ir al estado 23
    DECLARAR     ir al estado 24
    ASIGNAR      ir al estado 25
    IF           ir al estado 26
    WHILE        ir al estado 27
    FOR          ir al estado 28
    VECTOR       ir al estado 29
    PRINT        ir al estado 30
    INCREMENTO   ir al estado 31
    FUNC         ir al estado 32
    LLAMADAF     ir al estado 33
    RETORNO      ir al estado 34
    TYPES        ir al estado 35


Estado 154

   48 LISTPARAM: TYPES id •

    $default  reduce usando la regla 48 (LISTPARAM)


Estado 155

   36 FUNC: TYPES id tk_PARA LISTPARAM tk_PARC • tk_LLAVA LIST_INST tk_LLAVC

    tk_LLAVA  desplazar e ir al estado 167


Estado 156

   47 LISTPARAM: LISTPARAM ',' • TYPES id

    tk_void    desplazar e ir al estado 1
    tk_int     desplazar e ir al estado 2
    tk_string  desplazar e ir al estado 3
    tk_float   desplazar e ir al estado 4
    tk_bool    desplazar e ir al estado 5

    TYPES  ir al estado 168


Estado 157

   20 ASIGNAR: id tk_LLAVA EXP tk_LLAVC '=' tk_LLAVA • EXP tk_LLAVC

    NUMERO      desplazar e ir al estado 47
    id          desplazar e ir al estado 48
    CADENA      desplazar e ir al estado 49
    DECIMAL     desplazar e ir al estado 50
    tk_PARA     desplazar e ir al estado 51
    tk_true     desplazar e ir al estado 52
    tk_false    desplazar e ir al estado 53
    res_mean    desplazar e ir al estado 54
    res_median  desplazar e ir al estado 55
    res_mode    desplazar e ir al estado 56

    EXP        ir al estado 169
    PRIMITIVE  ir al estado 58


Estado 158

   28 VECTOR: id '.' res_pushB tk_PARA EXP tk_PARC •

    $default  reduce usando la regla 28 (VECTOR)


Estado 159

   29 VECTOR: id '.' res_pushF tk_PARA EXP tk_PARC •

    $default  reduce usando la regla 29 (VECTOR)


Estado 160

   30 VECTOR: id '.' res_get tk_PARA EXP tk_PARC •

    $default  reduce usando la regla 30 (VECTOR)


Estado 161

   31 VECTOR: id '.' res_remove tk_PARA EXP tk_PARC •

    $default  reduce usando la regla 31 (VECTOR)


Estado 162

    3 LIST_INST: LIST_INST • INSTRUCTION
   21 IF: res_IF tk_PARA EXP tk_PARC tk_LLAVA LIST_INST • tk_LLAVC
   22   | res_IF tk_PARA EXP tk_PARC tk_LLAVA LIST_INST • tk_LLAVC res_ELSE IF
   23   | res_IF tk_PARA EXP tk_PARC tk_LLAVA LIST_INST • tk_LLAVC res_ELSE tk_LLAVA LIST_INST tk_LLAVC

    error       desplazar e ir al estado 14
    id          desplazar e ir al estado 15
    PRINTF      desplazar e ir al estado 16
    tk_void     desplazar e ir al estado 1
    tk_int      desplazar e ir al estado 2
    tk_string   desplazar e ir al estado 3
    tk_float    desplazar e ir al estado 4
    tk_bool     desplazar e ir al estado 5
    tk_LLAVC    desplazar e ir al estado 170
    res_IF      desplazar e ir al estado 17
    res_WHILE   desplazar e ir al estado 18
    res_FOR     desplazar e ir al estado 19
    res_RETURN  desplazar e ir al estado 20
    res_VECTOR  desplazar e ir al estado 21

    INSTRUCTION  ir al estado 61
    DECLARAR     ir al estado 24
    ASIGNAR      ir al estado 25
    IF           ir al estado 26
    WHILE        ir al estado 27
    FOR          ir al estado 28
    VECTOR       ir al estado 29
    PRINT        ir al estado 30
    INCREMENTO   ir al estado 31
    FUNC         ir al estado 32
    LLAMADAF     ir al estado 33
    RETORNO      ir al estado 34
    TYPES        ir al estado 35


Estado 163

    3 LIST_INST: LIST_INST • INSTRUCTION
   24 WHILE: res_WHILE tk_PARA EXP tk_PARC tk_LLAVA LIST_INST • tk_LLAVC

    error       desplazar e ir al estado 14
    id          desplazar e ir al estado 15
    PRINTF      desplazar e ir al estado 16
    tk_void     desplazar e ir al estado 1
    tk_int      desplazar e ir al estado 2
    tk_string   desplazar e ir al estado 3
    tk_float    desplazar e ir al estado 4
    tk_bool     desplazar e ir al estado 5
    tk_LLAVC    desplazar e ir al estado 171
    res_IF      desplazar e ir al estado 17
    res_WHILE   desplazar e ir al estado 18
    res_FOR     desplazar e ir al estado 19
    res_RETURN  desplazar e ir al estado 20
    res_VECTOR  desplazar e ir al estado 21

    INSTRUCTION  ir al estado 61
    DECLARAR     ir al estado 24
    ASIGNAR      ir al estado 25
    IF           ir al estado 26
    WHILE        ir al estado 27
    FOR          ir al estado 28
    VECTOR       ir al estado 29
    PRINT        ir al estado 30
    INCREMENTO   ir al estado 31
    FUNC         ir al estado 32
    LLAMADAF     ir al estado 33
    RETORNO      ir al estado 34
    TYPES        ir al estado 35


Estado 164

   25 FOR: res_FOR tk_PARA DECLARAR ';' EXP ';' • INCREMENTO tk_PARC tk_LLAVA LIST_INST tk_LLAVC

    id  desplazar e ir al estado 172

    INCREMENTO  ir al estado 173


Estado 165

   26 VECTOR: res_VECTOR tk_menorq TYPES tk_mayorq id '=' • tk_CORCHA LISTAEXP tk_CORCHC

    tk_CORCHA  desplazar e ir al estado 174


Estado 166

    3 LIST_INST: LIST_INST • INSTRUCTION
   37 FUNC: TYPES id tk_PARA tk_PARC tk_LLAVA LIST_INST • tk_LLAVC

    error       desplazar e ir al estado 14
    id          desplazar e ir al estado 15
    PRINTF      desplazar e ir al estado 16
    tk_void     desplazar e ir al estado 1
    tk_int      desplazar e ir al estado 2
    tk_string   desplazar e ir al estado 3
    tk_float    desplazar e ir al estado 4
    tk_bool     desplazar e ir al estado 5
    tk_LLAVC    desplazar e ir al estado 175
    res_IF      desplazar e ir al estado 17
    res_WHILE   desplazar e ir al estado 18
    res_FOR     desplazar e ir al estado 19
    res_RETURN  desplazar e ir al estado 20
    res_VECTOR  desplazar e ir al estado 21

    INSTRUCTION  ir al estado 61
    DECLARAR     ir al estado 24
    ASIGNAR      ir al estado 25
    IF           ir al estado 26
    WHILE        ir al estado 27
    FOR          ir al estado 28
    VECTOR       ir al estado 29
    PRINT        ir al estado 30
    INCREMENTO   ir al estado 31
    FUNC         ir al estado 32
    LLAMADAF     ir al estado 33
    RETORNO      ir al estado 34
    TYPES        ir al estado 35


Estado 167

   36 FUNC: TYPES id tk_PARA LISTPARAM tk_PARC tk_LLAVA • LIST_INST tk_LLAVC

    error       desplazar e ir al estado 14
    id          desplazar e ir al estado 15
    PRINTF      desplazar e ir al estado 16
    tk_void     desplazar e ir al estado 1
    tk_int      desplazar e ir al estado 2
    tk_string   desplazar e ir al estado 3
    tk_float    desplazar e ir al estado 4
    tk_bool     desplazar e ir al estado 5
    res_IF      desplazar e ir al estado 17
    res_WHILE   desplazar e ir al estado 18
    res_FOR     desplazar e ir al estado 19
    res_RETURN  desplazar e ir al estado 20
    res_VECTOR  desplazar e ir al estado 21

    LIST_INST    ir al estado 176
    INSTRUCTION  ir al estado 23
    DECLARAR     ir al estado 24
    ASIGNAR      ir al estado 25
    IF           ir al estado 26
    WHILE        ir al estado 27
    FOR          ir al estado 28
    VECTOR       ir al estado 29
    PRINT        ir al estado 30
    INCREMENTO   ir al estado 31
    FUNC         ir al estado 32
    LLAMADAF     ir al estado 33
    RETORNO      ir al estado 34
    TYPES        ir al estado 35


Estado 168

   47 LISTPARAM: LISTPARAM ',' TYPES • id

    id  desplazar e ir al estado 177


Estado 169

   20 ASIGNAR: id tk_LLAVA EXP tk_LLAVC '=' tk_LLAVA EXP • tk_LLAVC
   49 EXP: EXP • suma EXP
   50    | EXP • menos EXP
   51    | EXP • mult EXP
   52    | EXP • div EXP
   53    | EXP • tk_menor_igual EXP
   54    | EXP • tk_menorq EXP
   55    | EXP • tk_mayor_igual EXP
   56    | EXP • tk_mayorq EXP
   57    | EXP • tk_igualq EXP
   58    | EXP • tk_diferenteq EXP
   59    | EXP • tk_and EXP
   60    | EXP • tk_or EXP
   61    | EXP • tk_not EXP

    suma            desplazar e ir al estado 88
    menos           desplazar e ir al estado 89
    mult            desplazar e ir al estado 90
    div             desplazar e ir al estado 91
    tk_LLAVC        desplazar e ir al estado 178
    tk_igualq       desplazar e ir al estado 92
    tk_diferenteq   desplazar e ir al estado 93
    tk_mayor_igual  desplazar e ir al estado 94
    tk_menor_igual  desplazar e ir al estado 95
    tk_menorq       desplazar e ir al estado 96
    tk_mayorq       desplazar e ir al estado 97
    tk_and          desplazar e ir al estado 98
    tk_or           desplazar e ir al estado 99
    tk_not          desplazar e ir al estado 100


Estado 170

   21 IF: res_IF tk_PARA EXP tk_PARC tk_LLAVA LIST_INST tk_LLAVC •
   22   | res_IF tk_PARA EXP tk_PARC tk_LLAVA LIST_INST tk_LLAVC • res_ELSE IF
   23   | res_IF tk_PARA EXP tk_PARC tk_LLAVA LIST_INST tk_LLAVC • res_ELSE tk_LLAVA LIST_INST tk_LLAVC

    res_ELSE  desplazar e ir al estado 179

    $default  reduce usando la regla 21 (IF)


Estado 171

   24 WHILE: res_WHILE tk_PARA EXP tk_PARC tk_LLAVA LIST_INST tk_LLAVC •

    $default  reduce usando la regla 24 (WHILE)


Estado 172

   34 INCREMENTO: id • mas_mas
   35           | id • menos_menos

    mas_mas      desplazar e ir al estado 39
    menos_menos  desplazar e ir al estado 40


Estado 173

   25 FOR: res_FOR tk_PARA DECLARAR ';' EXP ';' INCREMENTO • tk_PARC tk_LLAVA LIST_INST tk_LLAVC

    tk_PARC  desplazar e ir al estado 180


Estado 174

   26 VECTOR: res_VECTOR tk_menorq TYPES tk_mayorq id '=' tk_CORCHA • LISTAEXP tk_CORCHC

    NUMERO      desplazar e ir al estado 47
    id          desplazar e ir al estado 48
    CADENA      desplazar e ir al estado 49
    DECIMAL     desplazar e ir al estado 50
    tk_PARA     desplazar e ir al estado 51
    tk_true     desplazar e ir al estado 52
    tk_false    desplazar e ir al estado 53
    res_mean    desplazar e ir al estado 54
    res_median  desplazar e ir al estado 55
    res_mode    desplazar e ir al estado 56

    LISTAEXP   ir al estado 181
    EXP        ir al estado 71
    PRIMITIVE  ir al estado 58


Estado 175

   37 FUNC: TYPES id tk_PARA tk_PARC tk_LLAVA LIST_INST tk_LLAVC •

    $default  reduce usando la regla 37 (FUNC)


Estado 176

    3 LIST_INST: LIST_INST • INSTRUCTION
   36 FUNC: TYPES id tk_PARA LISTPARAM tk_PARC tk_LLAVA LIST_INST • tk_LLAVC

    error       desplazar e ir al estado 14
    id          desplazar e ir al estado 15
    PRINTF      desplazar e ir al estado 16
    tk_void     desplazar e ir al estado 1
    tk_int      desplazar e ir al estado 2
    tk_string   desplazar e ir al estado 3
    tk_float    desplazar e ir al estado 4
    tk_bool     desplazar e ir al estado 5
    tk_LLAVC    desplazar e ir al estado 182
    res_IF      desplazar e ir al estado 17
    res_WHILE   desplazar e ir al estado 18
    res_FOR     desplazar e ir al estado 19
    res_RETURN  desplazar e ir al estado 20
    res_VECTOR  desplazar e ir al estado 21

    INSTRUCTION  ir al estado 61
    DECLARAR     ir al estado 24
    ASIGNAR      ir al estado 25
    IF           ir al estado 26
    WHILE        ir al estado 27
    FOR          ir al estado 28
    VECTOR       ir al estado 29
    PRINT        ir al estado 30
    INCREMENTO   ir al estado 31
    FUNC         ir al estado 32
    LLAMADAF     ir al estado 33
    RETORNO      ir al estado 34
    TYPES        ir al estado 35


Estado 177

   47 LISTPARAM: LISTPARAM ',' TYPES id •

    $default  reduce usando la regla 47 (LISTPARAM)


Estado 178

   20 ASIGNAR: id tk_LLAVA EXP tk_LLAVC '=' tk_LLAVA EXP tk_LLAVC •

    $default  reduce usando la regla 20 (ASIGNAR)


Estado 179

   22 IF: res_IF tk_PARA EXP tk_PARC tk_LLAVA LIST_INST tk_LLAVC res_ELSE • IF
   23   | res_IF tk_PARA EXP tk_PARC tk_LLAVA LIST_INST tk_LLAVC res_ELSE • tk_LLAVA LIST_INST tk_LLAVC

    tk_LLAVA  desplazar e ir al estado 183
    res_IF    desplazar e ir al estado 17

    IF  ir al estado 184


Estado 180

   25 FOR: res_FOR tk_PARA DECLARAR ';' EXP ';' INCREMENTO tk_PARC • tk_LLAVA LIST_INST tk_LLAVC

    tk_LLAVA  desplazar e ir al estado 185


Estado 181

   26 VECTOR: res_VECTOR tk_menorq TYPES tk_mayorq id '=' tk_CORCHA LISTAEXP • tk_CORCHC
   45 LISTAEXP: LISTAEXP • ',' EXP

    tk_CORCHC  desplazar e ir al estado 186
    ','        desplazar e ir al estado 105


Estado 182

   36 FUNC: TYPES id tk_PARA LISTPARAM tk_PARC tk_LLAVA LIST_INST tk_LLAVC •

    $default  reduce usando la regla 36 (FUNC)


Estado 183

   23 IF: res_IF tk_PARA EXP tk_PARC tk_LLAVA LIST_INST tk_LLAVC res_ELSE tk_LLAVA • LIST_INST tk_LLAVC

    error       desplazar e ir al estado 14
    id          desplazar e ir al estado 15
    PRINTF      desplazar e ir al estado 16
    tk_void     desplazar e ir al estado 1
    tk_int      desplazar e ir al estado 2
    tk_string   desplazar e ir al estado 3
    tk_float    desplazar e ir al estado 4
    tk_bool     desplazar e ir al estado 5
    res_IF      desplazar e ir al estado 17
    res_WHILE   desplazar e ir al estado 18
    res_FOR     desplazar e ir al estado 19
    res_RETURN  desplazar e ir al estado 20
    res_VECTOR  desplazar e ir al estado 21

    LIST_INST    ir al estado 187
    INSTRUCTION  ir al estado 23
    DECLARAR     ir al estado 24
    ASIGNAR      ir al estado 25
    IF           ir al estado 26
    WHILE        ir al estado 27
    FOR          ir al estado 28
    VECTOR       ir al estado 29
    PRINT        ir al estado 30
    INCREMENTO   ir al estado 31
    FUNC         ir al estado 32
    LLAMADAF     ir al estado 33
    RETORNO      ir al estado 34
    TYPES        ir al estado 35


Estado 184

   22 IF: res_IF tk_PARA EXP tk_PARC tk_LLAVA LIST_INST tk_LLAVC res_ELSE IF •

    $default  reduce usando la regla 22 (IF)


Estado 185

   25 FOR: res_FOR tk_PARA DECLARAR ';' EXP ';' INCREMENTO tk_PARC tk_LLAVA • LIST_INST tk_LLAVC

    error       desplazar e ir al estado 14
    id          desplazar e ir al estado 15
    PRINTF      desplazar e ir al estado 16
    tk_void     desplazar e ir al estado 1
    tk_int      desplazar e ir al estado 2
    tk_string   desplazar e ir al estado 3
    tk_float    desplazar e ir al estado 4
    tk_bool     desplazar e ir al estado 5
    res_IF      desplazar e ir al estado 17
    res_WHILE   desplazar e ir al estado 18
    res_FOR     desplazar e ir al estado 19
    res_RETURN  desplazar e ir al estado 20
    res_VECTOR  desplazar e ir al estado 21

    LIST_INST    ir al estado 188
    INSTRUCTION  ir al estado 23
    DECLARAR     ir al estado 24
    ASIGNAR      ir al estado 25
    IF           ir al estado 26
    WHILE        ir al estado 27
    FOR          ir al estado 28
    VECTOR       ir al estado 29
    PRINT        ir al estado 30
    INCREMENTO   ir al estado 31
    FUNC         ir al estado 32
    LLAMADAF     ir al estado 33
    RETORNO      ir al estado 34
    TYPES        ir al estado 35


Estado 186

   26 VECTOR: res_VECTOR tk_menorq TYPES tk_mayorq id '=' tk_CORCHA LISTAEXP tk_CORCHC •

    $default  reduce usando la regla 26 (VECTOR)


Estado 187

    3 LIST_INST: LIST_INST • INSTRUCTION
   23 IF: res_IF tk_PARA EXP tk_PARC tk_LLAVA LIST_INST tk_LLAVC res_ELSE tk_LLAVA LIST_INST • tk_LLAVC

    error       desplazar e ir al estado 14
    id          desplazar e ir al estado 15
    PRINTF      desplazar e ir al estado 16
    tk_void     desplazar e ir al estado 1
    tk_int      desplazar e ir al estado 2
    tk_string   desplazar e ir al estado 3
    tk_float    desplazar e ir al estado 4
    tk_bool     desplazar e ir al estado 5
    tk_LLAVC    desplazar e ir al estado 189
    res_IF      desplazar e ir al estado 17
    res_WHILE   desplazar e ir al estado 18
    res_FOR     desplazar e ir al estado 19
    res_RETURN  desplazar e ir al estado 20
    res_VECTOR  desplazar e ir al estado 21

    INSTRUCTION  ir al estado 61
    DECLARAR     ir al estado 24
    ASIGNAR      ir al estado 25
    IF           ir al estado 26
    WHILE        ir al estado 27
    FOR          ir al estado 28
    VECTOR       ir al estado 29
    PRINT        ir al estado 30
    INCREMENTO   ir al estado 31
    FUNC         ir al estado 32
    LLAMADAF     ir al estado 33
    RETORNO      ir al estado 34
    TYPES        ir al estado 35


Estado 188

    3 LIST_INST: LIST_INST • INSTRUCTION
   25 FOR: res_FOR tk_PARA DECLARAR ';' EXP ';' INCREMENTO tk_PARC tk_LLAVA LIST_INST • tk_LLAVC

    error       desplazar e ir al estado 14
    id          desplazar e ir al estado 15
    PRINTF      desplazar e ir al estado 16
    tk_void     desplazar e ir al estado 1
    tk_int      desplazar e ir al estado 2
    tk_string   desplazar e ir al estado 3
    tk_float    desplazar e ir al estado 4
    tk_bool     desplazar e ir al estado 5
    tk_LLAVC    desplazar e ir al estado 190
    res_IF      desplazar e ir al estado 17
    res_WHILE   desplazar e ir al estado 18
    res_FOR     desplazar e ir al estado 19
    res_RETURN  desplazar e ir al estado 20
    res_VECTOR  desplazar e ir al estado 21

    INSTRUCTION  ir al estado 61
    DECLARAR     ir al estado 24
    ASIGNAR      ir al estado 25
    IF           ir al estado 26
    WHILE        ir al estado 27
    FOR          ir al estado 28
    VECTOR       ir al estado 29
    PRINT        ir al estado 30
    INCREMENTO   ir al estado 31
    FUNC         ir al estado 32
    LLAMADAF     ir al estado 33
    RETORNO      ir al estado 34
    TYPES        ir al estado 35


Estado 189

   23 IF: res_IF tk_PARA EXP tk_PARC tk_LLAVA LIST_INST tk_LLAVC res_ELSE tk_LLAVA LIST_INST tk_LLAVC •

    $default  reduce usando la regla 23 (IF)


Estado 190

   25 FOR: res_FOR tk_PARA DECLARAR ';' EXP ';' INCREMENTO tk_PARC tk_LLAVA LIST_INST tk_LLAVC •

    $default  reduce usando la regla 25 (FOR)
